#
# A fatal error has been detected by the Java Runtime Environment:
#
#  EXCEPTION_ACCESS_VIOLATION (0xc0000005) at pc=0x000002f453ef1050, pid=34152, tid=30628
#
# JRE version: OpenJDK Runtime Environment Temurin-21.0.7+6 (21.0.7+6) (build 21.0.7+6-LTS)
# Java VM: OpenJDK 64-Bit Server VM Temurin-21.0.7+6 (21.0.7+6-LTS, mixed mode, emulated-client, sharing, tiered, compressed oops, compressed class ptrs, g1 gc, windows-amd64)
# Problematic frame:
# v  ~BufferBlob::MethodHandles adapters 0x000002f453ef1050
#
# No core dump will be written. Minidumps are not enabled by default on client versions of Windows
#
# If you would like to submit a bug report, please visit:
#   https://github.com/adoptium/adoptium-support/issues
#

---------------  S U M M A R Y ------------

Command Line: -XX:+ShowCodeDetailsInExceptionMessages -agentlib:jdwp=transport=dt_socket,suspend=y,address=localhost:59150 -Dcom.sun.management.jmxremote -Dcom.sun.management.jmxremote.port=59149 -Dcom.sun.management.jmxremote.authenticate=false -Dcom.sun.management.jmxremote.ssl=false -Djava.rmi.server.hostname=localhost -Dspring.jmx.enabled=true -Dmanagement.endpoints.jmx.exposure.include=* -Dspring.application.admin.enabled=true -Dspring.output.ansi.enabled=always -XX:TieredStopAtLevel=1 -Dspring.boot.project.name=negocio -javaagent:C:\Users\KrilingJarid\Documents\sts-4.31.0.RELEASE\configuration\org.eclipse.osgi\273\0\.cp\lib\javaagent-shaded.jar -Dfile.encoding=UTF-8 -Dstdout.encoding=UTF-8 -Dstderr.encoding=UTF-8 com.cocinas.integrales.negocio.NegocioApplication

Host: 13th Gen Intel(R) Core(TM) i7-1360P, 16 cores, 15G,  Windows 11 , 64 bit Build 26100 (10.0.26100.7019)
Time: Sat Nov 22 20:00:13 2025 Hora estándar central (México) elapsed time: 196150.403777 seconds (2d 6h 29m 10s)

---------------  T H R E A D  ---------------

Current thread (0x000002f4674b9210):  JavaThread "restartedMain"        [_thread_in_Java, id=30628, stack(0x000000fe21200000,0x000000fe21300000) (1024K)]

Stack: [0x000000fe21200000,0x000000fe21300000],  sp=0x000000fe212fbac8,  free space=1006k
Native frames: (J=compiled Java code, j=interpreted, Vv=VM code, C=native code)
C  0x000002f453ef1050

The last pc belongs to _linkToSpecial (printed below).

siginfo: EXCEPTION_ACCESS_VIOLATION (0xc0000005), reading address 0x0000006f26a81839


Registers:
RAX=0x000002f453ec9086, RBX=0x0000006f26a81801, RCX=0x000000fe212fbae0, RDX=0x0000000000000004
RSP=0x000000fe212fbac8, RBP=0x000000fe212fbb28, RSI=0x000002f4649f8228, RDI=0x000002f4663e60e0
R8 =0x0000000000000004, R9 =0x0000000000000004, R10=0x00007ffe60e1dfc0, R11=0x000002f4000b5b78
R12=0x0000000000000000, R13=0x000000fe212fbac8, R14=0x000000fe212fbb58, R15=0x000002f4674b9210
RIP=0x000002f453ef1050, EFLAGS=0x0000000000010202

XMM[0]=0x0000000000000000 0x0000000000000000
XMM[1]=0x0000000000000000 0x0000000000000000
XMM[2]=0x0000000000000000 0x0000000000000000
XMM[3]=0x0000000000000000 0x0000000000000000
XMM[4]=0x0000000000000000 0x0000000000000000
XMM[5]=0x0000000000000000 0x0000000000000000
XMM[6]=0x0000000000000000 0x0000000000000000
XMM[7]=0x0000000000000000 0x0000000000000000
XMM[8]=0x0000000000000000 0x0000000000000000
XMM[9]=0x0000000000000000 0x0000000000000000
XMM[10]=0x0000000000000000 0x0000000000000000
XMM[11]=0x0000000000000000 0x0000000000000000
XMM[12]=0x0000000000000000 0x0000000000000000
XMM[13]=0x0000000000000000 0x0000000000000000
XMM[14]=0x0000000000000000 0x0000000000000000
XMM[15]=0x0000000000000000 0x0000000000000000
  MXCSR=0x00001fa0


Register to memory mapping:

RAX=0x000002f453ec9086 is at code_begin+3078 in an Interpreter codelet
return entry points  [0x000002f453ec8480, 0x000002f453eca298]  7704 bytes
RBX=0x0000006f26a81801 is an unknown value
RCX=0x000000fe212fbae0 is pointing into the stack for thread: 0x000002f4674b9210
RDX=0x0000000000000004 is an unknown value
RSP=0x000000fe212fbac8 is pointing into the stack for thread: 0x000002f4674b9210
RBP=0x000000fe212fbb28 is pointing into the stack for thread: 0x000002f4674b9210
RSI=0x000002f4649f8228 points into unknown readable memory: 0x80000f49257dc328 | 28 c3 7d 25 49 0f 00 80
RDI=0x000002f4663e60e0 points into unknown readable memory: 0x0000002800000090 | 90 00 00 00 28 00 00 00
R8 =0x0000000000000004 is an unknown value
R9 =0x0000000000000004 is an unknown value
R10=0x00007ffe60e1dfc0 jvm.dll
R11={method} {0x000002f4000b5b80} 'newInvokeSpecial' '(Ljava/lang/Object;Ljava/lang/Object;Ljava/lang/Object;)Ljava/lang/Object;' in 'java/lang/invoke/DirectMethodHandle$Holder'
R12=0x0 is null
R13=0x000000fe212fbac8 is pointing into the stack for thread: 0x000002f4674b9210
R14=0x000000fe212fbb58 is pointing into the stack for thread: 0x000002f4674b9210
R15=0x000002f4674b9210 is a thread

Top of Stack: (sp=0x000000fe212fbac8)
0x000000fe212fbac8:   000002f453ec9086 0000000706c3d3d0
0x000000fe212fbad8:   0000000706aa4bb0 000000fe212fbae0
0x000000fe212fbae8:   000002f40072b57b 0000000000000006
0x000000fe212fbaf8:   000002f4000b1088 000000fe212fbbc8
0x000000fe212fbb08:   0000000705816b60 000002f4000b5b78
0x000000fe212fbb18:   000000fe212fbac8 000000fe212fbb60
0x000000fe212fbb28:   000000fe212fbbc8 000002f453ec958b
0x000000fe212fbb38:   0000000706aa4820 0000000706aa4bb0
0x000000fe212fbb48:   0000000706a56c70 0000000706c3d3d0
0x000000fe212fbb58:   0000000706aa4850 000002f453ec958b
0x000000fe212fbb68:   0000000706a56c70 0000000706c3d3d0
0x000000fe212fbb78:   0000000706aa4850 000000fe212fbb80
0x000000fe212fbb88:   000002f46046d2d4 0000000000000009
0x000000fe212fbb98:   000002f462e60020 0000000000000000
0x000000fe212fbba8:   00000007052adbb0 000002f46046d2e0
0x000000fe212fbbb8:   000000fe212fbb68 000000fe212fbc20
0x000000fe212fbbc8:   000000fe212febb0 000002f45449784b
0x000000fe212fbbd8:   0000000706aa4850 0000000706a56c70
0x000000fe212fbbe8:   0000000706aa4a20 0000000706c3d3d0
0x000000fe212fbbf8:   0000000706aa4b18 0000000706a56c70
0x000000fe212fbc08:   0000000706c3d3d0 0000000706aa4b68
0x000000fe212fbc18:   000002f454496de4 0000000706c1a610
0x000000fe212fbc28:   000002f461080000 000000fe212febb0
0x000000fe212fbc38:   000002f4549b4a8c 000002f4674b9210
0x000000fe212fbc48:   000000fe212fa9e0 000002f453eccd6c
0x000000fe212fbc58:   000002f453ec8190 0000000000000000
0x000000fe212fbc68:   00007f0000000000 000000fe212faa28
0x000000fe212fbc78:   000000fe212fa9e0 000000fe212fa9e0
0x000000fe212fbc88:   000002f453eccd6c 000002f453ec8190
0x000000fe212fbc98:   0000000705814f50 00000007089213e0
0x000000fe212fbca8:   0000000706c1a5b0 0000000706c1a5b0
0x000000fe212fbcb8:   0000000706c1a610 0000000706aa4b98 

Instructions: (pc=0x000002f453ef1050)
0x000002f453ef0f50:   bf d8 05 00 00 00 74 03 ff 63 38 ff 63 50 e9 9d
0x000002f453ef0f60:   16 00 00 66 66 66 0f 1f 84 00 00 00 00 00 66 66
0x000002f453ef0f70:   66 90 66 66 0f 1f 84 00 00 00 00 00 66 66 66 90
0x000002f453ef0f80:   48 8b 53 08 0f b7 52 2e 48 8b 0c d4 58 5b 50 44
0x000002f453ef0f90:   8b 51 08 49 bb 00 00 00 00 f4 02 00 00 4d 03 d3
0x000002f453ef0fa0:   4c 8b 5b 10 4b 8b 9c da c0 01 00 00 48 85 db 0f
0x000002f453ef0fb0:   84 10 00 00 00 41 80 bf d8 05 00 00 00 74 03 ff
0x000002f453ef0fc0:   63 38 ff 63 50 e9 36 16 00 00 66 66 66 0f 1f 84
0x000002f453ef0fd0:   00 00 00 00 00 66 66 66 90 0f 1f 80 00 00 00 00
0x000002f453ef0fe0:   58 5b 50 8b 5b 24 48 c1 e3 03 48 8b 5b 10 48 85
0x000002f453ef0ff0:   db 0f 84 10 00 00 00 41 80 bf d8 05 00 00 00 74
0x000002f453ef1000:   03 ff 63 38 ff 63 50 e9 f4 15 00 00 66 66 66 0f
0x000002f453ef1010:   1f 84 00 00 00 00 00 66 66 66 90 0f 1f 44 00 00
0x000002f453ef1020:   48 8b 53 08 0f b7 52 2e 48 8b 0c d4 58 5b 50 48
0x000002f453ef1030:   3b 01 8b 5b 24 48 c1 e3 03 48 8b 5b 10 48 85 db
0x000002f453ef1040:   0f 84 10 00 00 00 41 80 bf d8 05 00 00 00 74 03
0x000002f453ef1050:   ff 63 38 ff 63 50 e9 a5 15 00 00 0f 1f 44 00 00
0x000002f453ef1060:   48 8b 53 08 0f b7 52 2e 48 8b 0c d4 58 5b 50 44
0x000002f453ef1070:   8b 51 08 49 bb 00 00 00 00 f4 02 00 00 4d 03 d3
0x000002f453ef1080:   8b 43 18 48 c1 e0 03 48 8b 40 10 48 8b 5b 10 45
0x000002f453ef1090:   8b 9a a0 00 00 00 4f 8d 9c da c0 01 00 00 4d 8d
0x000002f453ef10a0:   14 da 49 8b 1b 48 3b c3 74 15 48 85 db 0f 84 32
0x000002f453ef10b0:   00 00 00 49 83 c3 10 49 8b 1b 48 3b c3 75 eb 45
0x000002f453ef10c0:   8b 5b 08 4b 8b 1c 1a 48 85 db 0f 84 10 00 00 00
0x000002f453ef10d0:   41 80 bf d8 05 00 00 00 74 03 ff 63 38 ff 63 50
0x000002f453ef10e0:   e9 1b 15 00 00 e9 16 12 00 00 f4 00 00 00 00 00
0x000002f453ef10f0:   00 00 00 00 00 00 00 00 00 00 00 00 00 00 00 00
0x000002f453ef1100:   00 00 00 00 00 00 00 00 00 00 00 00 00 00 00 00
0x000002f453ef1110:   00 00 00 00 00 00 00 00 00 00 00 00 00 00 00 00
0x000002f453ef1120:   00 00 00 00 00 00 00 00 00 00 00 00 00 00 00 00
0x000002f453ef1130:   00 00 00 00 00 00 00 00 00 00 00 00 00 00 00 00
0x000002f453ef1140:   00 00 00 00 00 00 00 00 00 00 00 00 00 00 00 00 


Stack slot to memory mapping:

stack at sp + 0 slots: 0x000002f453ec9086 is at code_begin+3078 in an Interpreter codelet
return entry points  [0x000002f453ec8480, 0x000002f453eca298]  7704 bytes
stack at sp + 1 slots: 0x0000000706c3d3d0 is an oop: org.springframework.mail.javamail.JavaMailSenderImpl 
{0x0000000706c3d3d0} - klass: 'org/springframework/mail/javamail/JavaMailSenderImpl'
 - ---- fields (total size 6 words):
 - private 'port' 'I' @12  587 (0x0000024b)
 - private 'javaMailProperties' 'Ljava/util/Properties;' @16  a 'java/util/Properties'{0x0000000706a22ca0} (0xe0d44594)
 - private 'session' 'Ljakarta/mail/Session;' @20  null (0x00000000)
 - private 'protocol' 'Ljava/lang/String;' @24  "smtp"{0x0000000704855d40} (0xe090aba8)
 - private 'host' 'Ljava/lang/String;' @28  "smtp.gmail.com"{0x0000000706c2b9d0} (0xe0d8573a)
 - private 'username' 'Ljava/lang/String;' @32  "kriling75@gmail.com"{0x0000000706c395c8} (0xe0d872b9)
 - private 'password' 'Ljava/lang/String;' @36  "knmb crhw yrva hmuu"{0x0000000706c2e058} (0xe0d85c0b)
 - private 'defaultEncoding' 'Ljava/lang/String;' @40  "UTF-8"{0x000000070587f868} (0xe0b0ff0d)
 - private 'defaultFileTypeMap' 'Ljakarta/activation/FileTypeMap;' @44  a 'org/springframework/mail/javamail/ConfigurableMimeFileTypeMap'{0x0000000706c3d478} (0xe0d87a8f)
stack at sp + 2 slots: 0x0000000706aa4bb0 is an oop: com.cocinas.integrales.negocio.correo.service.impl.CorreoServiceImpl 
{0x0000000706aa4bb0} - klass: 'com/cocinas/integrales/negocio/correo/service/impl/CorreoServiceImpl'
 - ---- fields (total size 3 words):
 - private 'correoFrom' 'Ljava/lang/String;' @12  null (0x00000000)
 - private final 'mailSender' 'Lorg/springframework/mail/javamail/JavaMailSender;' @16  null (0x00000000)
 - private final 'templateEngine' 'Lorg/thymeleaf/spring6/SpringTemplateEngine;' @20  null (0x00000000)
stack at sp + 3 slots: 0x000000fe212fbae0 is pointing into the stack for thread: 0x000002f4674b9210
stack at sp + 4 slots: 0x000002f40072b57b is pointing into metadata
stack at sp + 5 slots: 0x0000000000000006 is an unknown value
stack at sp + 6 slots: 0x000002f4000b1088 is pointing into metadata
stack at sp + 7 slots: 0x000000fe212fbbc8 is pointing into the stack for thread: 0x000002f4674b9210

MethodHandle::interpreter_entry::_linkToSpecial [0x000002f453ef100c, 0x000002f453ef105b] (79 bytes)
[MachCode]
  0x000002f453ef100c: 6666 660f | 1f84 0000 | 0000 0066 | 6666 900f | 1f44 0000 | 488b 5308 | 0fb7 522e | 488b 0cd4 
  0x000002f453ef102c: 585b 5048 | 3b01 8b5b | 2448 c1e3 | 0348 8b5b | 1048 85db | 0f84 1000 | 0000 4180 | bfd8 0500 
  0x000002f453ef104c: 0000 7403 | ff63 38ff | 6350 e9a5 | 
[/MachCode]

---------------  P R O C E S S  ---------------

Threads class SMR info:
_java_thread_list=0x000002f465ef43b0, length=26, elements={
0x000002f46401a070, 0x000002f464020f90, 0x000002f464028c80, 0x000002f464029800,
0x000002f46402b390, 0x000002f4640397c0, 0x000002f46403a210, 0x000002f45ce6f990,
0x000002f464200c00, 0x000002f46420a3c0, 0x000002f46420eb70, 0x000002f4645dbaf0,
0x000002f46481d360, 0x000002f46486b1e0, 0x000002f4648820c0, 0x000002f464cfb1c0,
0x000002f464d05f60, 0x000002f46618dc50, 0x000002f46618f690, 0x000002f46659b860,
0x000002f466865cf0, 0x000002f4674bac50, 0x000002f4674b9210, 0x000002f4674ba5c0,
0x000002f4674b84f0, 0x000002f4674b98a0
}

Java Threads: ( => current thread )
  0x000002f46401a070 JavaThread "Reference Handler"          daemon [_thread_blocked, id=37080, stack(0x000000fe21c00000,0x000000fe21d00000) (1024K)]
  0x000002f464020f90 JavaThread "Finalizer"                  daemon [_thread_blocked, id=9304, stack(0x000000fe21d00000,0x000000fe21e00000) (1024K)]
  0x000002f464028c80 JavaThread "Signal Dispatcher"          daemon [_thread_blocked, id=29104, stack(0x000000fe21e00000,0x000000fe21f00000) (1024K)]
  0x000002f464029800 JavaThread "Attach Listener"            daemon [_thread_blocked, id=10528, stack(0x000000fe21f00000,0x000000fe22000000) (1024K)]
  0x000002f46402b390 JavaThread "Service Thread"             daemon [_thread_blocked, id=39468, stack(0x000000fe22000000,0x000000fe22100000) (1024K)]
  0x000002f4640397c0 JavaThread "Monitor Deflation Thread"   daemon [_thread_blocked, id=5196, stack(0x000000fe22100000,0x000000fe22200000) (1024K)]
  0x000002f46403a210 JavaThread "C1 CompilerThread0"         daemon [_thread_blocked, id=38232, stack(0x000000fe22200000,0x000000fe22300000) (1024K)]
  0x000002f45ce6f990 JavaThread "Common-Cleaner"             daemon [_thread_blocked, id=1544, stack(0x000000fe22400000,0x000000fe22500000) (1024K)]
  0x000002f464200c00 JavaThread "JDWP Transport Listener: dt_socket" daemon [_thread_blocked, id=31732, stack(0x000000fe22600000,0x000000fe22700000) (1024K)]
  0x000002f46420a3c0 JavaThread "JDWP Event Helper Thread"   daemon [_thread_blocked, id=34360, stack(0x000000fe22700000,0x000000fe22800000) (1024K)]
  0x000002f46420eb70 JavaThread "JDWP Command Reader"        daemon [_thread_in_native, id=40308, stack(0x000000fe22800000,0x000000fe22900000) (1024K)]
  0x000002f4645dbaf0 JavaThread "Notification Thread"        daemon [_thread_blocked, id=23852, stack(0x000000fe22900000,0x000000fe22a00000) (1024K)]
  0x000002f46481d360 JavaThread "RMI TCP Accept-0"           daemon [_thread_in_native, id=34944, stack(0x000000fe23900000,0x000000fe23a00000) (1024K)]
  0x000002f46486b1e0 JavaThread "RMI TCP Accept-59149"       daemon [_thread_in_native, id=40776, stack(0x000000fe23a00000,0x000000fe23b00000) (1024K)]
  0x000002f4648820c0 JavaThread "RMI TCP Accept-0"           daemon [_thread_in_native, id=34100, stack(0x000000fe23b00000,0x000000fe23c00000) (1024K)]
  0x000002f464cfb1c0 JavaThread "RMI Scheduler(0)"           daemon [_thread_blocked, id=42904, stack(0x000000fe24400000,0x000000fe24500000) (1024K)]
  0x000002f464d05f60 JavaThread "RMI TCP Connection(idle)"   daemon [_thread_blocked, id=40464, stack(0x000000fe24500000,0x000000fe24600000) (1024K)]
  0x000002f46618dc50 JavaThread "mysql-cj-abandoned-connection-cleanup" daemon [_thread_blocked, id=41020, stack(0x000000fe24c00000,0x000000fe24d00000) (1024K)]
  0x000002f46618f690 JavaThread "Live Reload Server"         daemon [_thread_in_native, id=23296, stack(0x000000fe24f00000,0x000000fe25000000) (1024K)]
  0x000002f46659b860 JavaThread "DestroyJavaVM"                     [_thread_blocked, id=24252, stack(0x000000fe21400000,0x000000fe21500000) (1024K)]
  0x000002f466865cf0 JavaThread "JMX server connection timeout 516" daemon [_thread_blocked, id=17076, stack(0x000000fe21300000,0x000000fe21400000) (1024K)]
  0x000002f4674bac50 JavaThread "Thread-119"                        [_thread_blocked, id=35604, stack(0x000000fe21100000,0x000000fe21200000) (1024K)]
=>0x000002f4674b9210 JavaThread "restartedMain"                     [_thread_in_Java, id=30628, stack(0x000000fe21200000,0x000000fe21300000) (1024K)]
  0x000002f4674ba5c0 JavaThread "Catalina-utility-1"                [_thread_blocked, id=43988, stack(0x000000fe22b00000,0x000000fe22c00000) (1024K)]
  0x000002f4674b84f0 JavaThread "Catalina-utility-2"                [_thread_blocked, id=7540, stack(0x000000fe22c00000,0x000000fe22d00000) (1024K)]
  0x000002f4674b98a0 JavaThread "container-0"                       [_thread_blocked, id=9780, stack(0x000000fe22d00000,0x000000fe22e00000) (1024K)]
Total: 26

Other Threads:
  0x000002f45ce7e790 VMThread "VM Thread"                           [id=27072, stack(0x000000fe21b00000,0x000000fe21c00000) (1024K)]
  0x000002f45ce6f120 WatcherThread "VM Periodic Task Thread"        [id=29256, stack(0x000000fe21a00000,0x000000fe21b00000) (1024K)]
  0x000002f450434f80 WorkerThread "GC Thread#0"                     [id=19960, stack(0x000000fe21500000,0x000000fe21600000) (1024K)]
  0x000002f4647de990 WorkerThread "GC Thread#1"                     [id=11904, stack(0x000000fe23000000,0x000000fe23100000) (1024K)]
  0x000002f4647ded30 WorkerThread "GC Thread#2"                     [id=21792, stack(0x000000fe23100000,0x000000fe23200000) (1024K)]
  0x000002f4647df0d0 WorkerThread "GC Thread#3"                     [id=10680, stack(0x000000fe23200000,0x000000fe23300000) (1024K)]
  0x000002f4647df470 WorkerThread "GC Thread#4"                     [id=26012, stack(0x000000fe23300000,0x000000fe23400000) (1024K)]
  0x000002f4647df810 WorkerThread "GC Thread#5"                     [id=43752, stack(0x000000fe23400000,0x000000fe23500000) (1024K)]
  0x000002f4647ffd80 WorkerThread "GC Thread#6"                     [id=4808, stack(0x000000fe23500000,0x000000fe23600000) (1024K)]
  0x000002f464800120 WorkerThread "GC Thread#7"                     [id=44204, stack(0x000000fe23600000,0x000000fe23700000) (1024K)]
  0x000002f4647f0990 WorkerThread "GC Thread#8"                     [id=10224, stack(0x000000fe23c00000,0x000000fe23d00000) (1024K)]
  0x000002f4647f0250 WorkerThread "GC Thread#9"                     [id=42852, stack(0x000000fe23d00000,0x000000fe23e00000) (1024K)]
  0x000002f4647f05f0 WorkerThread "GC Thread#10"                    [id=33024, stack(0x000000fe23e00000,0x000000fe23f00000) (1024K)]
  0x000002f464b471b0 WorkerThread "GC Thread#11"                    [id=38132, stack(0x000000fe23f00000,0x000000fe24000000) (1024K)]
  0x000002f464b47550 WorkerThread "GC Thread#12"                    [id=41308, stack(0x000000fe24000000,0x000000fe24100000) (1024K)]
  0x000002f4504429b0 ConcurrentGCThread "G1 Main Marker"            [id=13760, stack(0x000000fe21600000,0x000000fe21700000) (1024K)]
  0x000002f45ccc2ba0 WorkerThread "G1 Conc#0"                       [id=4648, stack(0x000000fe21700000,0x000000fe21800000) (1024K)]
  0x000002f464666d70 WorkerThread "G1 Conc#1"                       [id=23076, stack(0x000000fe23700000,0x000000fe23800000) (1024K)]
  0x000002f4647f0d30 WorkerThread "G1 Conc#2"                       [id=34356, stack(0x000000fe23800000,0x000000fe23900000) (1024K)]
  0x000002f45cd437b0 ConcurrentGCThread "G1 Refine#0"               [id=40160, stack(0x000000fe21800000,0x000000fe21900000) (1024K)]
  0x000002f45cd450e0 ConcurrentGCThread "G1 Service"                [id=19236, stack(0x000000fe21900000,0x000000fe21a00000) (1024K)]
Total: 21

Threads with active compile tasks:
Total: 0

VM state: not at safepoint (normal execution)

VM Mutex/Monitor currently owned by a thread: None

Heap address: 0x0000000704400000, size: 4028 MB, Compressed Oops mode: Zero based, Oop shift amount: 3

CDS archive(s) mapped at: [0x000002f400000000-0x000002f400c80000-0x000002f400c80000), size 13107200, SharedBaseAddress: 0x000002f400000000, ArchiveRelocationMode: 1.
Compressed class space mapped at: 0x000002f401000000-0x000002f441000000, reserved size: 1073741824
Narrow klass base: 0x000002f400000000, Narrow klass shift: 0, Narrow klass range: 0x100000000

GC Precious Log:
 CardTable entry size: 512
 Card Set container configuration: InlinePtr #cards 4 size 8 Array Of Cards #cards 16 size 48 Howl #buckets 8 coarsen threshold 3686 Howl Bitmap #cards 512 size 80 coarsen threshold 460 Card regions per heap region 1 cards per card region 4096
 CPUs: 16 total, 16 available
 Memory: 16108M
 Large Page Support: Disabled
 NUMA Support: Disabled
 Compressed Oops: Enabled (Zero based)
 Heap Region Size: 2M
 Heap Min Capacity: 8M
 Heap Initial Capacity: 252M
 Heap Max Capacity: 4028M
 Pre-touch: Disabled
 Parallel Workers: 13
 Concurrent Workers: 3
 Concurrent Refinement Workers: 13
 Periodic GC: Disabled

Heap:
 garbage-first heap   total 81920K, used 64947K [0x0000000704400000, 0x0000000800000000)
  region size 2048K, 21 young (43008K), 0 survivors (0K)
 Metaspace       used 54707K, committed 55424K, reserved 1114112K
  class space    used 7221K, committed 7552K, reserved 1048576K

Heap Regions: E=young(eden), S=young(survivor), O=old, HS=humongous(starts), HC=humongous(continues), CS=collection set, F=free, TAMS=top-at-mark-start, PB=parsable bottom
|   0|0x0000000704400000, 0x00000007045fd2f0, 0x0000000704600000| 99%| O|  |TAMS 0x0000000704400000| PB 0x0000000704400000| Untracked 
|   1|0x0000000704600000, 0x00000007047ffff8, 0x0000000704800000| 99%| O|  |TAMS 0x0000000704600000| PB 0x0000000704600000| Untracked 
|   2|0x0000000704800000, 0x00000007049f2988, 0x0000000704a00000| 97%| O|  |TAMS 0x0000000704800000| PB 0x0000000704800000| Untracked 
|   3|0x0000000704a00000, 0x0000000704bfac40, 0x0000000704c00000| 98%| O|  |TAMS 0x0000000704a00000| PB 0x0000000704a00000| Untracked 
|   4|0x0000000704c00000, 0x0000000704dffff8, 0x0000000704e00000| 99%| O|  |TAMS 0x0000000704c00000| PB 0x0000000704c00000| Untracked 
|   5|0x0000000704e00000, 0x0000000704fff448, 0x0000000705000000| 99%| O|  |TAMS 0x0000000704e00000| PB 0x0000000704e00000| Untracked 
|   6|0x0000000705000000, 0x00000007051ffff8, 0x0000000705200000| 99%| O|  |TAMS 0x0000000705000000| PB 0x0000000705000000| Untracked 
|   7|0x0000000705200000, 0x00000007053ffdf8, 0x0000000705400000| 99%| O|  |TAMS 0x0000000705200000| PB 0x0000000705200000| Untracked 
|   8|0x0000000705400000, 0x0000000705600000, 0x0000000705600000|100%| O|  |TAMS 0x0000000705400000| PB 0x0000000705400000| Untracked 
|   9|0x0000000705600000, 0x00000007056eae98, 0x0000000705800000| 45%| O|  |TAMS 0x0000000705600000| PB 0x0000000705600000| Untracked 
|  10|0x0000000705800000, 0x00000007059ffff8, 0x0000000705a00000| 99%| O|  |TAMS 0x0000000705800000| PB 0x0000000705800000| Untracked 
|  11|0x0000000705a00000, 0x0000000705acf458, 0x0000000705c00000| 40%| O|  |TAMS 0x0000000705a00000| PB 0x0000000705a00000| Untracked 
|  12|0x0000000705c00000, 0x0000000705d21b58, 0x0000000705e00000| 56%| O|  |TAMS 0x0000000705c00000| PB 0x0000000705c00000| Untracked 
|  13|0x0000000705e00000, 0x0000000705ea7398, 0x0000000706000000| 32%| O|  |TAMS 0x0000000705e00000| PB 0x0000000705e00000| Untracked 
|  14|0x0000000706000000, 0x0000000706000000, 0x0000000706200000|  0%| F|  |TAMS 0x0000000706000000| PB 0x0000000706000000| Untracked 
|  15|0x0000000706200000, 0x0000000706200000, 0x0000000706400000|  0%| F|  |TAMS 0x0000000706200000| PB 0x0000000706200000| Untracked 
|  16|0x0000000706400000, 0x0000000706400000, 0x0000000706600000|  0%| F|  |TAMS 0x0000000706400000| PB 0x0000000706400000| Untracked 
|  17|0x0000000706600000, 0x0000000706600000, 0x0000000706800000|  0%| F|  |TAMS 0x0000000706600000| PB 0x0000000706600000| Untracked 
|  18|0x0000000706800000, 0x0000000706800000, 0x0000000706a00000|  0%| F|  |TAMS 0x0000000706800000| PB 0x0000000706800000| Untracked 
|  19|0x0000000706a00000, 0x0000000706b08898, 0x0000000706c00000| 51%| E|  |TAMS 0x0000000706a00000| PB 0x0000000706a00000| Complete 
|  20|0x0000000706c00000, 0x0000000706e00000, 0x0000000706e00000|100%| E|CS|TAMS 0x0000000706c00000| PB 0x0000000706c00000| Complete 
|  21|0x0000000706e00000, 0x0000000707000000, 0x0000000707000000|100%| E|CS|TAMS 0x0000000706e00000| PB 0x0000000706e00000| Complete 
|  22|0x0000000707000000, 0x0000000707200000, 0x0000000707200000|100%| E|CS|TAMS 0x0000000707000000| PB 0x0000000707000000| Complete 
|  23|0x0000000707200000, 0x0000000707400000, 0x0000000707400000|100%| E|CS|TAMS 0x0000000707200000| PB 0x0000000707200000| Complete 
|  24|0x0000000707400000, 0x0000000707600000, 0x0000000707600000|100%| E|CS|TAMS 0x0000000707400000| PB 0x0000000707400000| Complete 
|  25|0x0000000707600000, 0x0000000707800000, 0x0000000707800000|100%| E|CS|TAMS 0x0000000707600000| PB 0x0000000707600000| Complete 
|  26|0x0000000707800000, 0x0000000707a00000, 0x0000000707a00000|100%| E|CS|TAMS 0x0000000707800000| PB 0x0000000707800000| Complete 
|  27|0x0000000707a00000, 0x0000000707c00000, 0x0000000707c00000|100%| E|CS|TAMS 0x0000000707a00000| PB 0x0000000707a00000| Complete 
|  28|0x0000000707c00000, 0x0000000707e00000, 0x0000000707e00000|100%| E|CS|TAMS 0x0000000707c00000| PB 0x0000000707c00000| Complete 
|  29|0x0000000707e00000, 0x0000000708000000, 0x0000000708000000|100%| E|CS|TAMS 0x0000000707e00000| PB 0x0000000707e00000| Complete 
|  30|0x0000000708000000, 0x0000000708200000, 0x0000000708200000|100%| E|CS|TAMS 0x0000000708000000| PB 0x0000000708000000| Complete 
|  31|0x0000000708200000, 0x0000000708400000, 0x0000000708400000|100%| E|CS|TAMS 0x0000000708200000| PB 0x0000000708200000| Complete 
|  32|0x0000000708400000, 0x0000000708600000, 0x0000000708600000|100%| E|CS|TAMS 0x0000000708400000| PB 0x0000000708400000| Complete 
|  33|0x0000000708600000, 0x0000000708800000, 0x0000000708800000|100%| E|CS|TAMS 0x0000000708600000| PB 0x0000000708600000| Complete 
|  34|0x0000000708800000, 0x0000000708a00000, 0x0000000708a00000|100%| E|CS|TAMS 0x0000000708800000| PB 0x0000000708800000| Complete 
|  35|0x0000000708a00000, 0x0000000708c00000, 0x0000000708c00000|100%| E|CS|TAMS 0x0000000708a00000| PB 0x0000000708a00000| Complete 
|  36|0x0000000708c00000, 0x0000000708e00000, 0x0000000708e00000|100%| E|CS|TAMS 0x0000000708c00000| PB 0x0000000708c00000| Complete 
|  37|0x0000000708e00000, 0x0000000709000000, 0x0000000709000000|100%| E|CS|TAMS 0x0000000708e00000| PB 0x0000000708e00000| Complete 
|  38|0x0000000709000000, 0x0000000709200000, 0x0000000709200000|100%| E|CS|TAMS 0x0000000709000000| PB 0x0000000709000000| Complete 
|  39|0x0000000709200000, 0x0000000709400000, 0x0000000709400000|100%| E|CS|TAMS 0x0000000709200000| PB 0x0000000709200000| Complete 

Card table byte_map: [0x000002f4584e0000,0x000002f458cc0000] _byte_map_base: 0x000002f454cbe000

Marking Bits: (CMBitMap*) 0x000002f450435590
 Bits: [0x000002f458cc0000, 0x000002f45cbb0000)

Polling page: 0x000002f450480000

Metaspace:

Usage:
  Non-class:     46.37 MB used.
      Class:      7.05 MB used.
       Both:     53.43 MB used.

Virtual space:
  Non-class space:       64.00 MB reserved,      46.75 MB ( 73%) committed,  1 nodes.
      Class space:        1.00 GB reserved,       7.38 MB ( <1%) committed,  1 nodes.
             Both:        1.06 GB reserved,      54.12 MB (  5%) committed. 

Chunk freelists:
   Non-Class:  884.00 KB
       Class:  8.71 MB
        Both:  9.58 MB

MaxMetaspaceSize: unlimited
CompressedClassSpaceSize: 1.00 GB
Initial GC threshold: 21.00 MB
Current GC threshold: 90.00 MB
CDS: on
 - commit_granule_bytes: 65536.
 - commit_granule_words: 8192.
 - virtual_space_node_default_size: 8388608.
 - enlarge_chunks_in_place: 1.
 - use_allocation_guard: 0.


Internal statistics:

num_allocs_failed_limit: 8.
num_arena_births: 5616.
num_arena_deaths: 4896.
num_vsnodes_births: 2.
num_vsnodes_deaths: 0.
num_space_committed: 879.
num_space_uncommitted: 11.
num_chunks_returned_to_freelist: 7589.
num_chunks_taken_from_freelist: 10424.
num_chunk_merges: 1117.
num_chunk_splits: 3457.
num_chunks_enlarged: 1928.
num_inconsistent_stats: 0.

CodeCache: size=49152Kb used=14573Kb max_used=28813Kb free=34578Kb
 bounds [0x000002f453ec0000, 0x000002f455af0000, 0x000002f456ec0000]
 total_blobs=7064 nmethods=6354 adapters=632
 compilation: enabled
              stopped_count=0, restarted_count=0
 full_count=0

Compilation events (20 events):
Event: 196139.465 Thread 0x000002f46403a210 48481  s!   1       org.apache.catalina.util.LifecycleBase::start (287 bytes)
Event: 196139.465 Thread 0x000002f466a8be60 48482  s!   1       org.apache.catalina.util.LifecycleBase::init (64 bytes)
Event: 196139.465 Thread 0x000002f466a8be60 nmethod 48482 0x000002f455610390 code [0x000002f4556105a0, 0x000002f455610a48]
Event: 196139.466 Thread 0x000002f466a8be60 48483       1       java.lang.AbstractStringBuilder::shift (37 bytes)
Event: 196139.466 Thread 0x000002f466a8f4e0 48484       1       java.lang.StringBuilder::insert (9 bytes)
Event: 196139.466 Thread 0x000002f46403a210 nmethod 48481 0x000002f454952b10 code [0x000002f454952e20, 0x000002f454953bb0]
Event: 196139.467 Thread 0x000002f466a8f4e0 nmethod 48484 0x000002f455729290 code [0x000002f455729440, 0x000002f455729550]
Event: 196139.467 Thread 0x000002f466a8be60 nmethod 48483 0x000002f455728e90 code [0x000002f455729040, 0x000002f4557291f0]
Event: 196139.467 Thread 0x000002f466a8be60 48485       1       org.springframework.context.support.AbstractApplicationContext::getApplicationEventMulticaster (29 bytes)
Event: 196139.468 Thread 0x000002f466a8be60 nmethod 48485 0x000002f455728990 code [0x000002f455728b60, 0x000002f455728d50]
Event: 196139.474 Thread 0x000002f466a8be60 48486       1       java.lang.ClassLoader::getUnnamedModule (5 bytes)
Event: 196139.474 Thread 0x000002f466a8be60 nmethod 48486 0x000002f454f90c90 code [0x000002f454f90e20, 0x000002f454f90ef0]
Event: 196139.477 Thread 0x000002f466a8be60 48487       1       org.springframework.cglib.proxy.CallbackInfo::getGenerator (60 bytes)
Event: 196139.478 Thread 0x000002f466a8f4e0 48488       1       org.springframework.cglib.core.CodeEmitter::unbox (132 bytes)
Event: 196139.478 Thread 0x000002f466a8be60 nmethod 48487 0x000002f455636e90 code [0x000002f455637080, 0x000002f455637300]
Event: 196139.479 Thread 0x000002f466a8f4e0 nmethod 48488 0x000002f455636310 code [0x000002f455636560, 0x000002f455636a48]
Event: 196139.494 Thread 0x000002f466a8f4e0 48489       1       java.nio.charset.CharsetDecoder::charset (5 bytes)
Event: 196139.494 Thread 0x000002f466a8f4e0 nmethod 48489 0x000002f455418210 code [0x000002f4554183a0, 0x000002f455418470]
Event: 196139.497 Thread 0x000002f466a8f4e0 48490       1       java.io.Reader::<init> (27 bytes)
Event: 196139.497 Thread 0x000002f466a8f4e0 nmethod 48490 0x000002f455728510 code [0x000002f4557286c0, 0x000002f4557288d0]

GC Heap History (20 events):
Event: 195663.990 GC heap before
{Heap before GC invocations=268 (full 25):
 garbage-first heap   total 81920K, used 72469K [0x0000000704400000, 0x0000000800000000)
  region size 2048K, 24 young (49152K), 1 survivors (2048K)
 Metaspace       used 53927K, committed 55104K, reserved 1114112K
  class space    used 7148K, committed 7552K, reserved 1048576K
}
Event: 195664.012 GC heap after
{Heap after GC invocations=269 (full 25):
 garbage-first heap   total 81920K, used 25031K [0x0000000704400000, 0x0000000800000000)
  region size 2048K, 1 young (2048K), 1 survivors (2048K)
 Metaspace       used 53927K, committed 55104K, reserved 1114112K
  class space    used 7148K, committed 7552K, reserved 1048576K
}
Event: 195958.016 GC heap before
{Heap before GC invocations=269 (full 25):
 garbage-first heap   total 81920K, used 55751K [0x0000000704400000, 0x0000000800000000)
  region size 2048K, 17 young (34816K), 1 survivors (2048K)
 Metaspace       used 53932K, committed 55104K, reserved 1114112K
  class space    used 7149K, committed 7552K, reserved 1048576K
}
Event: 195958.089 GC heap after
{Heap after GC invocations=270 (full 26):
 garbage-first heap   total 81920K, used 22043K [0x0000000704400000, 0x0000000800000000)
  region size 2048K, 0 young (0K), 0 survivors (0K)
 Metaspace       used 53857K, committed 55104K, reserved 1114112K
  class space    used 7131K, committed 7552K, reserved 1048576K
}
Event: 195959.227 GC heap before
{Heap before GC invocations=270 (full 26):
 garbage-first heap   total 81920K, used 65051K [0x0000000704400000, 0x0000000800000000)
  region size 2048K, 23 young (47104K), 0 survivors (0K)
 Metaspace       used 54173K, committed 55104K, reserved 1114112K
  class space    used 7183K, committed 7552K, reserved 1048576K
}
Event: 195959.239 GC heap after
{Heap after GC invocations=271 (full 26):
 garbage-first heap   total 81920K, used 26975K [0x0000000704400000, 0x0000000800000000)
  region size 2048K, 3 young (6144K), 3 survivors (6144K)
 Metaspace       used 54173K, committed 55104K, reserved 1114112K
  class space    used 7183K, committed 7552K, reserved 1048576K
}
Event: 195968.094 GC heap before
{Heap before GC invocations=272 (full 26):
 garbage-first heap   total 81920K, used 45407K [0x0000000704400000, 0x0000000800000000)
  region size 2048K, 13 young (26624K), 3 survivors (6144K)
 Metaspace       used 54257K, committed 55104K, reserved 1114112K
  class space    used 7199K, committed 7552K, reserved 1048576K
}
Event: 195968.147 GC heap after
{Heap after GC invocations=273 (full 27):
 garbage-first heap   total 81920K, used 23622K [0x0000000704400000, 0x0000000800000000)
  region size 2048K, 0 young (0K), 0 survivors (0K)
 Metaspace       used 53883K, committed 55040K, reserved 1114112K
  class space    used 7131K, committed 7552K, reserved 1048576K
}
Event: 195969.326 GC heap before
{Heap before GC invocations=273 (full 27):
 garbage-first heap   total 81920K, used 70726K [0x0000000704400000, 0x0000000800000000)
  region size 2048K, 23 young (47104K), 0 survivors (0K)
 Metaspace       used 54095K, committed 55040K, reserved 1114112K
  class space    used 7155K, committed 7552K, reserved 1048576K
}
Event: 195969.330 GC heap after
{Heap after GC invocations=274 (full 27):
 garbage-first heap   total 81920K, used 27486K [0x0000000704400000, 0x0000000800000000)
  region size 2048K, 2 young (4096K), 2 survivors (4096K)
 Metaspace       used 54095K, committed 55040K, reserved 1114112K
  class space    used 7155K, committed 7552K, reserved 1048576K
}
Event: 196048.234 GC heap before
{Heap before GC invocations=275 (full 27):
 garbage-first heap   total 81920K, used 47966K [0x0000000704400000, 0x0000000800000000)
  region size 2048K, 13 young (26624K), 2 survivors (4096K)
 Metaspace       used 54124K, committed 55040K, reserved 1114112K
  class space    used 7158K, committed 7552K, reserved 1048576K
}
Event: 196048.281 GC heap after
{Heap after GC invocations=276 (full 28):
 garbage-first heap   total 81920K, used 23833K [0x0000000704400000, 0x0000000800000000)
  region size 2048K, 0 young (0K), 0 survivors (0K)
 Metaspace       used 54110K, committed 55040K, reserved 1114112K
  class space    used 7156K, committed 7552K, reserved 1048576K
}
Event: 196048.990 GC heap before
{Heap before GC invocations=276 (full 28):
 garbage-first heap   total 81920K, used 70937K [0x0000000704400000, 0x0000000800000000)
  region size 2048K, 23 young (47104K), 0 survivors (0K)
 Metaspace       used 54327K, committed 55104K, reserved 1114112K
  class space    used 7182K, committed 7552K, reserved 1048576K
}
Event: 196048.994 GC heap after
{Heap after GC invocations=277 (full 28):
 garbage-first heap   total 81920K, used 27819K [0x0000000704400000, 0x0000000800000000)
  region size 2048K, 2 young (4096K), 2 survivors (4096K)
 Metaspace       used 54327K, committed 55104K, reserved 1114112K
  class space    used 7182K, committed 7552K, reserved 1048576K
}
Event: 196055.726 GC heap before
{Heap before GC invocations=278 (full 28):
 garbage-first heap   total 81920K, used 40107K [0x0000000704400000, 0x0000000800000000)
  region size 2048K, 10 young (20480K), 2 survivors (4096K)
 Metaspace       used 54269K, committed 55104K, reserved 1114112K
  class space    used 7164K, committed 7552K, reserved 1048576K
}
Event: 196055.767 GC heap after
{Heap after GC invocations=279 (full 29):
 garbage-first heap   total 81920K, used 23783K [0x0000000704400000, 0x0000000800000000)
  region size 2048K, 0 young (0K), 0 survivors (0K)
 Metaspace       used 54256K, committed 55104K, reserved 1114112K
  class space    used 7162K, committed 7552K, reserved 1048576K
}
Event: 196056.363 GC heap before
{Heap before GC invocations=279 (full 29):
 garbage-first heap   total 81920K, used 68839K [0x0000000704400000, 0x0000000800000000)
  region size 2048K, 22 young (45056K), 0 survivors (0K)
 Metaspace       used 54474K, committed 55232K, reserved 1114112K
  class space    used 7189K, committed 7552K, reserved 1048576K
}
Event: 196056.367 GC heap after
{Heap after GC invocations=280 (full 29):
 garbage-first heap   total 81920K, used 27730K [0x0000000704400000, 0x0000000800000000)
  region size 2048K, 2 young (4096K), 2 survivors (4096K)
 Metaspace       used 54474K, committed 55232K, reserved 1114112K
  class space    used 7189K, committed 7552K, reserved 1048576K
}
Event: 196138.937 GC heap before
{Heap before GC invocations=281 (full 29):
 garbage-first heap   total 81920K, used 52306K [0x0000000704400000, 0x0000000800000000)
  region size 2048K, 15 young (30720K), 2 survivors (4096K)
 Metaspace       used 54502K, committed 55296K, reserved 1114112K
  class space    used 7192K, committed 7552K, reserved 1048576K
}
Event: 196138.982 GC heap after
{Heap after GC invocations=282 (full 30):
 garbage-first heap   total 81920K, used 23987K [0x0000000704400000, 0x0000000800000000)
  region size 2048K, 0 young (0K), 0 survivors (0K)
 Metaspace       used 54490K, committed 55296K, reserved 1114112K
  class space    used 7190K, committed 7552K, reserved 1048576K
}

Dll operation events (12 events):
Event: 0.004 Loaded shared library C:\Users\KrilingJarid\Documents\sts-4.31.0.RELEASE\plugins\org.eclipse.justj.openjdk.hotspot.jre.full.win32.x86_64_21.0.7.v20250502-0916\jre\bin\java.dll
Event: 0.021 Loaded shared library C:\Users\KrilingJarid\Documents\sts-4.31.0.RELEASE\plugins\org.eclipse.justj.openjdk.hotspot.jre.full.win32.x86_64_21.0.7.v20250502-0916\jre\bin\zip.dll
Event: 0.106 Loaded shared library C:\Users\KrilingJarid\Documents\sts-4.31.0.RELEASE\plugins\org.eclipse.justj.openjdk.hotspot.jre.full.win32.x86_64_21.0.7.v20250502-0916\jre\bin\instrument.dll
Event: 0.109 Loaded shared library C:\Users\KrilingJarid\Documents\sts-4.31.0.RELEASE\plugins\org.eclipse.justj.openjdk.hotspot.jre.full.win32.x86_64_21.0.7.v20250502-0916\jre\bin\net.dll
Event: 0.109 Loaded shared library C:\Users\KrilingJarid\Documents\sts-4.31.0.RELEASE\plugins\org.eclipse.justj.openjdk.hotspot.jre.full.win32.x86_64_21.0.7.v20250502-0916\jre\bin\nio.dll
Event: 0.111 Loaded shared library C:\Users\KrilingJarid\Documents\sts-4.31.0.RELEASE\plugins\org.eclipse.justj.openjdk.hotspot.jre.full.win32.x86_64_21.0.7.v20250502-0916\jre\bin\zip.dll
Event: 0.172 Loaded shared library C:\Users\KrilingJarid\Documents\sts-4.31.0.RELEASE\plugins\org.eclipse.justj.openjdk.hotspot.jre.full.win32.x86_64_21.0.7.v20250502-0916\jre\bin\jimage.dll
Event: 0.196 Loaded shared library C:\Users\KrilingJarid\Documents\sts-4.31.0.RELEASE\plugins\org.eclipse.justj.openjdk.hotspot.jre.full.win32.x86_64_21.0.7.v20250502-0916\jre\bin\management.dll
Event: 0.201 Loaded shared library C:\Users\KrilingJarid\Documents\sts-4.31.0.RELEASE\plugins\org.eclipse.justj.openjdk.hotspot.jre.full.win32.x86_64_21.0.7.v20250502-0916\jre\bin\management_ext.dll
Event: 0.316 Loaded shared library C:\Users\KrilingJarid\Documents\sts-4.31.0.RELEASE\plugins\org.eclipse.justj.openjdk.hotspot.jre.full.win32.x86_64_21.0.7.v20250502-0916\jre\bin\extnet.dll
Event: 0.328 Loaded shared library C:\Users\KrilingJarid\Documents\sts-4.31.0.RELEASE\plugins\org.eclipse.justj.openjdk.hotspot.jre.full.win32.x86_64_21.0.7.v20250502-0916\jre\bin\verify.dll
Event: 0.918 Loaded shared library C:\Users\KrilingJarid\Documents\sts-4.31.0.RELEASE\plugins\org.eclipse.justj.openjdk.hotspot.jre.full.win32.x86_64_21.0.7.v20250502-0916\jre\bin\sunmscapi.dll

Deoptimization events (20 events):
Event: 196139.503 Thread 0x000002f4674b9210 DEOPT PACKING pc=0x000002f454809eb4 sp=0x000000fe212fa8b0
Event: 196139.503 Thread 0x000002f4674b9210 DEOPT UNPACKING pc=0x000002f453f14e42 sp=0x000000fe212f9e10 mode 1
Event: 196139.503 Thread 0x000002f4674b9210 DEOPT PACKING pc=0x000002f45544bee4 sp=0x000000fe212fa9d0
Event: 196139.503 Thread 0x000002f4674b9210 DEOPT UNPACKING pc=0x000002f453f14e42 sp=0x000000fe212f9ea0 mode 1
Event: 196139.503 Thread 0x000002f4674b9210 DEOPT PACKING pc=0x000002f454809eb4 sp=0x000000fe212fa8a0
Event: 196139.503 Thread 0x000002f4674b9210 DEOPT UNPACKING pc=0x000002f453f14e42 sp=0x000000fe212f9e18 mode 1
Event: 196150.340 Thread 0x000002f4674b9210 DEOPT PACKING pc=0x000002f4547ef7d4 sp=0x000000fe212fbad0
Event: 196150.340 Thread 0x000002f4674b9210 DEOPT UNPACKING pc=0x000002f453f14e42 sp=0x000000fe212faf88 mode 0
Event: 196150.362 Thread 0x000002f464200c00 DEOPT PACKING pc=0x000002f45478faec sp=0x000000fe226fb520
Event: 196150.362 Thread 0x000002f464200c00 DEOPT UNPACKING pc=0x000002f453f14e42 sp=0x000000fe226faa58 mode 1
Event: 196150.362 Thread 0x000002f464200c00 DEOPT PACKING pc=0x000002f45478eb74 sp=0x000000fe226fb610
Event: 196150.362 Thread 0x000002f464200c00 DEOPT UNPACKING pc=0x000002f453f14e42 sp=0x000000fe226fabc0 mode 1
Event: 196150.362 Thread 0x000002f464200c00 DEOPT PACKING pc=0x000002f454aec22c sp=0x000000fe226fb780
Event: 196150.362 Thread 0x000002f464200c00 DEOPT UNPACKING pc=0x000002f453f14e42 sp=0x000000fe226fad40 mode 1
Event: 196150.362 Thread 0x000002f464200c00 DEOPT PACKING pc=0x000002f45478faec sp=0x000000fe226fb520
Event: 196150.362 Thread 0x000002f464200c00 DEOPT UNPACKING pc=0x000002f453f14e42 sp=0x000000fe226faa58 mode 1
Event: 196150.362 Thread 0x000002f464200c00 DEOPT PACKING pc=0x000002f45478eb74 sp=0x000000fe226fb610
Event: 196150.362 Thread 0x000002f464200c00 DEOPT UNPACKING pc=0x000002f453f14e42 sp=0x000000fe226fabc0 mode 1
Event: 196150.362 Thread 0x000002f464200c00 DEOPT PACKING pc=0x000002f454aec22c sp=0x000000fe226fb780
Event: 196150.362 Thread 0x000002f464200c00 DEOPT UNPACKING pc=0x000002f453f14e42 sp=0x000000fe226fad40 mode 1

Classes loaded (20 events):
Event: 102128.343 Loading class sun/security/ssl/Authenticator$TLS10Authenticator
Event: 102128.344 Loading class sun/security/ssl/Authenticator$TLS10Authenticator done
Event: 102128.344 Loading class sun/security/ssl/SSLCipher$T12GcmWriteCipherGenerator$GcmWriteCipher
Event: 102128.344 Loading class sun/security/ssl/SSLCipher$T12GcmWriteCipherGenerator$GcmWriteCipher done
Event: 102128.428 Loading class sun/security/ssl/NewSessionTicket$T12NewSessionTicketMessage
Event: 102128.428 Loading class sun/security/ssl/NewSessionTicket$T12NewSessionTicketMessage done
Event: 102128.429 Loading class sun/security/ssl/SSLCipher$T12GcmReadCipherGenerator$GcmReadCipher
Event: 102128.429 Loading class sun/security/ssl/SSLCipher$T12GcmReadCipherGenerator$GcmReadCipher done
Event: 102129.103 Loading class java/util/zip/CheckedInputStream
Event: 102129.104 Loading class java/util/zip/CheckedInputStream done
Event: 102129.104 Loading class java/io/SequenceInputStream
Event: 102129.105 Loading class java/io/SequenceInputStream done
Event: 102129.105 Loading class java/util/zip/GZIPInputStream$1
Event: 102129.105 Loading class java/util/zip/GZIPInputStream$1 done
Event: 190379.803 Loading class java/time/DurationEditor
Event: 190379.804 Loading class java/time/DurationEditor done
Event: 191263.827 Loading class java/time/DurationEditor
Event: 191263.827 Loading class java/time/DurationEditor done
Event: 195959.250 Loading class java/time/DurationEditor
Event: 195959.250 Loading class java/time/DurationEditor done

Classes unloaded (20 events):
Event: 196049.014 Thread 0x000002f45ce7e790 Unloading class 0x000002f401008000 'java/lang/invoke/LambdaForm$MH+0x000002f401008000'
Event: 196049.014 Thread 0x000002f45ce7e790 Unloading class 0x000002f401310800 'java/lang/invoke/LambdaForm$MH+0x000002f401310800'
Event: 196049.014 Thread 0x000002f45ce7e790 Unloading class 0x000002f4010c9000 'java/lang/invoke/LambdaForm$MH+0x000002f4010c9000'
Event: 196049.014 Thread 0x000002f45ce7e790 Unloading class 0x000002f40160a400 'java/lang/invoke/LambdaForm$MH+0x000002f40160a400'
Event: 196049.014 Thread 0x000002f45ce7e790 Unloading class 0x000002f4013a8c00 'java/lang/invoke/LambdaForm$MH+0x000002f4013a8c00'
Event: 196049.014 Thread 0x000002f45ce7e790 Unloading class 0x000002f401354400 'java/lang/invoke/LambdaForm$MH+0x000002f401354400'
Event: 196049.014 Thread 0x000002f45ce7e790 Unloading class 0x000002f401725800 'java/lang/invoke/LambdaForm$MH+0x000002f401725800'
Event: 196049.014 Thread 0x000002f45ce7e790 Unloading class 0x000002f401132400 'java/lang/invoke/LambdaForm$MH+0x000002f401132400'
Event: 196049.014 Thread 0x000002f45ce7e790 Unloading class 0x000002f401198000 'java/lang/invoke/LambdaForm$BMH+0x000002f401198000'
Event: 196049.014 Thread 0x000002f45ce7e790 Unloading class 0x000002f40174b800 'java/lang/invoke/LambdaForm$MH+0x000002f40174b800'
Event: 196049.014 Thread 0x000002f45ce7e790 Unloading class 0x000002f401734800 'java/lang/invoke/LambdaForm$MH+0x000002f401734800'
Event: 196049.014 Thread 0x000002f45ce7e790 Unloading class 0x000002f401609000 'java/lang/invoke/LambdaForm$MH+0x000002f401609000'
Event: 196055.740 Thread 0x000002f45ce7e790 Unloading class 0x000002f401531400 'jdk/internal/reflect/GeneratedSerializationConstructorAccessor272'
Event: 196055.740 Thread 0x000002f45ce7e790 Unloading class 0x000002f4011e9000 'jdk/internal/reflect/GeneratedSerializationConstructorAccessor271'
Event: 196055.740 Thread 0x000002f45ce7e790 Unloading class 0x000002f40173c400 'jdk/internal/reflect/GeneratedSerializationConstructorAccessor270'
Event: 196055.740 Thread 0x000002f45ce7e790 Unloading class 0x000002f4010ca000 'org/apache/catalina/loader/JdbcLeakPrevention'
Event: 196138.952 Thread 0x000002f45ce7e790 Unloading class 0x000002f401750800 'jdk/internal/reflect/GeneratedSerializationConstructorAccessor275'
Event: 196138.952 Thread 0x000002f45ce7e790 Unloading class 0x000002f40173c400 'jdk/internal/reflect/GeneratedSerializationConstructorAccessor274'
Event: 196138.952 Thread 0x000002f45ce7e790 Unloading class 0x000002f4011e9000 'jdk/internal/reflect/GeneratedSerializationConstructorAccessor273'
Event: 196138.952 Thread 0x000002f45ce7e790 Unloading class 0x000002f401743000 'org/apache/catalina/loader/JdbcLeakPrevention'

Classes redefined (20 events):
Event: 196047.585 Thread 0x000002f45ce7e790 redefined class name=com.cocinas.integrales.negocio.correo.service.impl.CorreoServiceImpl, count=2
Event: 196047.585 Thread 0x000002f45ce7e790 redefined class name=com.cocinas.integrales.negocio.correo.service.impl.CorreoServiceImpl, count=1
Event: 196054.620 Thread 0x000002f45ce7e790 redefined class name=com.cocinas.integrales.negocio.correo.service.impl.CorreoServiceImpl, count=12
Event: 196054.620 Thread 0x000002f45ce7e790 redefined class name=com.cocinas.integrales.negocio.correo.service.impl.CorreoServiceImpl, count=1
Event: 196054.620 Thread 0x000002f45ce7e790 redefined class name=com.cocinas.integrales.negocio.correo.service.impl.CorreoServiceImpl, count=6
Event: 196054.620 Thread 0x000002f45ce7e790 redefined class name=com.cocinas.integrales.negocio.correo.service.impl.CorreoServiceImpl, count=3
Event: 196054.620 Thread 0x000002f45ce7e790 redefined class name=com.cocinas.integrales.negocio.correo.service.impl.CorreoServiceImpl, count=2
Event: 196137.514 Thread 0x000002f45ce7e790 redefined class name=com.cocinas.integrales.negocio.correo.service.impl.CorreoServiceImpl, count=1
Event: 196137.514 Thread 0x000002f45ce7e790 redefined class name=com.cocinas.integrales.negocio.correo.service.impl.CorreoServiceImpl, count=13
Event: 196137.514 Thread 0x000002f45ce7e790 redefined class name=com.cocinas.integrales.negocio.correo.service.impl.CorreoServiceImpl, count=2
Event: 196137.514 Thread 0x000002f45ce7e790 redefined class name=com.cocinas.integrales.negocio.correo.service.impl.CorreoServiceImpl, count=7
Event: 196137.514 Thread 0x000002f45ce7e790 redefined class name=com.cocinas.integrales.negocio.correo.service.impl.CorreoServiceImpl, count=4
Event: 196137.514 Thread 0x000002f45ce7e790 redefined class name=com.cocinas.integrales.negocio.correo.service.impl.CorreoServiceImpl, count=3
Event: 196150.375 Thread 0x000002f45ce7e790 redefined class name=com.cocinas.integrales.negocio.correo.service.impl.CorreoServiceImpl, count=14
Event: 196150.375 Thread 0x000002f45ce7e790 redefined class name=com.cocinas.integrales.negocio.correo.service.impl.CorreoServiceImpl, count=8
Event: 196150.375 Thread 0x000002f45ce7e790 redefined class name=com.cocinas.integrales.negocio.correo.service.impl.CorreoServiceImpl, count=2
Event: 196150.375 Thread 0x000002f45ce7e790 redefined class name=com.cocinas.integrales.negocio.correo.service.impl.CorreoServiceImpl, count=1
Event: 196150.375 Thread 0x000002f45ce7e790 redefined class name=com.cocinas.integrales.negocio.correo.service.impl.CorreoServiceImpl, count=3
Event: 196150.375 Thread 0x000002f45ce7e790 redefined class name=com.cocinas.integrales.negocio.correo.service.impl.CorreoServiceImpl, count=5
Event: 196150.375 Thread 0x000002f45ce7e790 redefined class name=com.cocinas.integrales.negocio.correo.service.impl.CorreoServiceImpl, count=4

Internal exceptions (20 events):
Event: 196056.182 Thread 0x000002f466190a40 Exception <a 'java/lang/NoClassDefFoundError'{0x00000007076b9f20}: org/springframework/batch/core/repository/JobRepository> (0x00000007076b9f20) 
thrown [s\src\hotspot\share\oops\constantPool.cpp, line 873]
Event: 196056.184 Thread 0x000002f466190a40 Exception <a 'java/lang/NoClassDefFoundError'{0x00000007076ba578}: org/quartz/Scheduler> (0x00000007076ba578) 
thrown [s\src\hotspot\share\oops\constantPool.cpp, line 873]
Event: 196056.186 Thread 0x000002f466190a40 Exception <a 'java/lang/NoClassDefFoundError'{0x00000007076babf8}: org/springframework/session/jdbc/JdbcIndexedSessionRepository> (0x00000007076babf8) 
thrown [s\src\hotspot\share\oops\constantPool.cpp, line 873]
Event: 196056.239 Thread 0x000002f466190a40 Exception <a 'java/io/FileNotFoundException'{0x00000007073a40b8}> (0x00000007073a40b8) 
thrown [s\src\hotspot\share\prims\jni.cpp, line 520]
Event: 196056.279 Thread 0x000002f466190a40 Exception <a 'java/io/FileNotFoundException'{0x0000000706e24c70}> (0x0000000706e24c70) 
thrown [s\src\hotspot\share\prims\jni.cpp, line 520]
Event: 196056.311 Thread 0x000002f466190a40 Exception <a 'java/io/FileNotFoundException'{0x0000000706c6e660}> (0x0000000706c6e660) 
thrown [s\src\hotspot\share\prims\jni.cpp, line 520]
Event: 196056.314 Thread 0x000002f466190a40 Exception <a 'java/io/FileNotFoundException'{0x0000000706cb26c8}> (0x0000000706cb26c8) 
thrown [s\src\hotspot\share\prims\jni.cpp, line 520]
Event: 196138.935 Thread 0x000002f46618f000 Exception <a 'java/lang/InterruptedException'{0x0000000707a47b60}: sleep interrupted> (0x0000000707a47b60) 
thrown [s\src\hotspot\share\prims\jvm.cpp, line 3074]
Event: 196138.998 Thread 0x000002f4674b9210 Exception <a 'sun/nio/fs/WindowsException'{0x0000000709288280}> (0x0000000709288280) 
thrown [s\src\hotspot\share\prims\jni.cpp, line 520]
Event: 196139.364 Thread 0x000002f4674b9210 Exception <a 'java/lang/NoClassDefFoundError'{0x000000070763d240}: org/flywaydb/core/Flyway> (0x000000070763d240) 
thrown [s\src\hotspot\share\oops\constantPool.cpp, line 873]
Event: 196139.365 Thread 0x000002f4674b9210 Exception <a 'java/lang/NoClassDefFoundError'{0x000000070763d8f0}: liquibase/integration/spring/SpringLiquibase> (0x000000070763d8f0) 
thrown [s\src\hotspot\share\oops\constantPool.cpp, line 873]
Event: 196139.368 Thread 0x000002f4674b9210 Exception <a 'java/lang/NoClassDefFoundError'{0x000000070765f7a8}: org/jooq/DSLContext> (0x000000070765f7a8) 
thrown [s\src\hotspot\share\oops\constantPool.cpp, line 873]
Event: 196139.369 Thread 0x000002f4674b9210 Exception <a 'java/lang/NoClassDefFoundError'{0x0000000707660d20}: jakarta/persistence/EntityManagerFactory> (0x0000000707660d20) 
thrown [s\src\hotspot\share\oops\constantPool.cpp, line 873]
Event: 196139.372 Thread 0x000002f4674b9210 Exception <a 'java/lang/NoClassDefFoundError'{0x00000007076a9da8}: org/springframework/batch/core/repository/JobRepository> (0x00000007076a9da8) 
thrown [s\src\hotspot\share\oops\constantPool.cpp, line 873]
Event: 196139.373 Thread 0x000002f4674b9210 Exception <a 'java/lang/NoClassDefFoundError'{0x00000007076aa400}: org/quartz/Scheduler> (0x00000007076aa400) 
thrown [s\src\hotspot\share\oops\constantPool.cpp, line 873]
Event: 196139.374 Thread 0x000002f4674b9210 Exception <a 'java/lang/NoClassDefFoundError'{0x00000007076aaa80}: org/springframework/session/jdbc/JdbcIndexedSessionRepository> (0x00000007076aaa80) 
thrown [s\src\hotspot\share\oops\constantPool.cpp, line 873]
Event: 196139.419 Thread 0x000002f4674b9210 Exception <a 'java/io/FileNotFoundException'{0x0000000707394ae8}> (0x0000000707394ae8) 
thrown [s\src\hotspot\share\prims\jni.cpp, line 520]
Event: 196139.465 Thread 0x000002f4674b9210 Exception <a 'java/io/FileNotFoundException'{0x0000000706e15ba8}> (0x0000000706e15ba8) 
thrown [s\src\hotspot\share\prims\jni.cpp, line 520]
Event: 196139.492 Thread 0x000002f4674b9210 Exception <a 'java/io/FileNotFoundException'{0x0000000706c53590}> (0x0000000706c53590) 
thrown [s\src\hotspot\share\prims\jni.cpp, line 520]
Event: 196139.494 Thread 0x000002f4674b9210 Exception <a 'java/io/FileNotFoundException'{0x0000000706c977a0}> (0x0000000706c977a0) 
thrown [s\src\hotspot\share\prims\jni.cpp, line 520]

ZGC Phase Switch (0 events):
No events

VM Operations (20 events):
Event: 196140.611 Executing VM operation: get/set locals
Event: 196140.611 Executing VM operation: get/set locals done
Event: 196140.611 Executing VM operation: get/set locals
Event: 196140.611 Executing VM operation: get/set locals done
Event: 196140.613 Executing VM operation: get/set locals
Event: 196140.613 Executing VM operation: get/set locals done
Event: 196140.616 Executing VM operation: get/set locals
Event: 196140.616 Executing VM operation: get/set locals done
Event: 196140.617 Executing VM operation: get/set locals
Event: 196140.617 Executing VM operation: get/set locals done
Event: 196140.620 Executing VM operation: get/set locals
Event: 196140.620 Executing VM operation: get/set locals done
Event: 196150.338 Executing VM operation: ChangeSingleStep
Event: 196150.338 Executing VM operation: ChangeSingleStep done
Event: 196150.340 Executing VM operation: ChangeSingleStep
Event: 196150.340 Executing VM operation: ChangeSingleStep done
Event: 196150.364 Executing VM operation: RedefineClasses
Event: 196150.393 Executing VM operation: RedefineClasses done
Event: 196150.395 Executing VM operation: ChangeSingleStep
Event: 196150.395 Executing VM operation: ChangeSingleStep done

Memory protections (0 events):
No events

Nmethod flushes (20 events):
Event: 196138.959 Thread 0x000002f45ce7e790 flushing  nmethod 0x000002f4547bc590
Event: 196138.959 Thread 0x000002f45ce7e790 flushing  nmethod 0x000002f4547d2c10
Event: 196138.959 Thread 0x000002f45ce7e790 flushing  nmethod 0x000002f45481ff10
Event: 196138.959 Thread 0x000002f45ce7e790 flushing  nmethod 0x000002f4548e4c90
Event: 196138.959 Thread 0x000002f45ce7e790 flushing  nmethod 0x000002f454923c90
Event: 196138.959 Thread 0x000002f45ce7e790 flushing  nmethod 0x000002f454952b10
Event: 196138.959 Thread 0x000002f45ce7e790 flushing  nmethod 0x000002f454a17c10
Event: 196138.959 Thread 0x000002f45ce7e790 flushing  nmethod 0x000002f454b3b590
Event: 196138.959 Thread 0x000002f45ce7e790 flushing  nmethod 0x000002f454c06310
Event: 196138.959 Thread 0x000002f45ce7e790 flushing  nmethod 0x000002f454c9b490
Event: 196138.959 Thread 0x000002f45ce7e790 flushing  nmethod 0x000002f454d26210
Event: 196138.959 Thread 0x000002f45ce7e790 flushing  nmethod 0x000002f454e1dc10
Event: 196138.959 Thread 0x000002f45ce7e790 flushing  nmethod 0x000002f454e68310
Event: 196138.959 Thread 0x000002f45ce7e790 flushing  nmethod 0x000002f454f03510
Event: 196138.959 Thread 0x000002f45ce7e790 flushing  nmethod 0x000002f455429b10
Event: 196138.959 Thread 0x000002f45ce7e790 flushing  nmethod 0x000002f4555e9510
Event: 196138.959 Thread 0x000002f45ce7e790 flushing  nmethod 0x000002f4555f0490
Event: 196138.959 Thread 0x000002f45ce7e790 flushing  nmethod 0x000002f45560d290
Event: 196138.959 Thread 0x000002f45ce7e790 flushing  nmethod 0x000002f45576b890
Event: 196138.959 Thread 0x000002f45ce7e790 flushing  nmethod 0x000002f45579b710

Events (20 events):
Event: 196138.926 Thread 0x000002f4674bc000 Thread exited: 0x000002f4674bc000
Event: 196138.926 Thread 0x000002f466193830 Thread exited: 0x000002f466193830
Event: 196138.927 Thread 0x000002f466195270 Thread exited: 0x000002f466195270
Event: 196138.927 Thread 0x000002f46618fd20 Thread exited: 0x000002f46618fd20
Event: 196138.927 Thread 0x000002f4674b9f30 Thread exited: 0x000002f4674b9f30
Event: 196138.935 Thread 0x000002f46618f000 Thread exited: 0x000002f46618f000
Event: 196138.982 Thread 0x000002f4674bac50 Thread added: 0x000002f4674bb970
Event: 196138.982 Thread 0x000002f4674bb970 Thread exited: 0x000002f4674bb970
Event: 196138.983 Thread 0x000002f4674bac50 Thread added: 0x000002f4674b9210
Event: 196138.985 Thread 0x000002f466192480 Thread exited: 0x000002f466192480
Event: 196138.986 Thread 0x000002f466191df0 Thread exited: 0x000002f466191df0
Event: 196139.027 Thread 0x000002f46403a210 Thread added: 0x000002f466a8f4e0
Event: 196139.104 Thread 0x000002f4674b9210 Thread added: 0x000002f4674ba5c0
Event: 196139.147 Thread 0x000002f4674ba5c0 Thread exited: 0x000002f4674ba5c0
Event: 196139.171 Thread 0x000002f466a8f4e0 Thread added: 0x000002f466a8be60
Event: 196139.467 Thread 0x000002f4674b9210 Thread added: 0x000002f4674ba5c0
Event: 196139.467 Thread 0x000002f4674ba5c0 Thread added: 0x000002f4674b84f0
Event: 196139.467 Thread 0x000002f4674b9210 Thread added: 0x000002f4674b98a0
Event: 196144.496 Thread 0x000002f466a8be60 Thread exited: 0x000002f466a8be60
Event: 196144.497 Thread 0x000002f466a8f4e0 Thread exited: 0x000002f466a8f4e0


Dynamic libraries:
0x00007ff753350000 - 0x00007ff75335e000 	C:\Users\KrilingJarid\Documents\sts-4.31.0.RELEASE\plugins\org.eclipse.justj.openjdk.hotspot.jre.full.win32.x86_64_21.0.7.v20250502-0916\jre\bin\javaw.exe
0x00007fff4e220000 - 0x00007fff4e488000 	C:\WINDOWS\SYSTEM32\ntdll.dll
0x00007fff4cdb0000 - 0x00007fff4ce79000 	C:\WINDOWS\System32\KERNEL32.DLL
0x00007fff4b370000 - 0x00007fff4b768000 	C:\WINDOWS\System32\KERNELBASE.dll
0x00007fff4bae0000 - 0x00007fff4bc2b000 	C:\WINDOWS\System32\ucrtbase.dll
0x00007ffe47220000 - 0x00007ffe4723e000 	C:\Users\KrilingJarid\Documents\sts-4.31.0.RELEASE\plugins\org.eclipse.justj.openjdk.hotspot.jre.full.win32.x86_64_21.0.7.v20250502-0916\jre\bin\VCRUNTIME140.dll
0x00007fff2a990000 - 0x00007fff2a9a8000 	C:\Users\KrilingJarid\Documents\sts-4.31.0.RELEASE\plugins\org.eclipse.justj.openjdk.hotspot.jre.full.win32.x86_64_21.0.7.v20250502-0916\jre\bin\jli.dll
0x00007fff4c870000 - 0x00007fff4ca37000 	C:\WINDOWS\System32\USER32.dll
0x00007fff4bf90000 - 0x00007fff4bfb7000 	C:\WINDOWS\System32\win32u.dll
0x00007fff2ada0000 - 0x00007fff2b034000 	C:\WINDOWS\WinSxS\amd64_microsoft.windows.common-controls_6595b64144ccf1df_6.0.26100.7019_none_3e06ffa0e335b8a8\COMCTL32.dll
0x00007fff4d4c0000 - 0x00007fff4d4eb000 	C:\WINDOWS\System32\GDI32.dll
0x00007fff4df50000 - 0x00007fff4dff9000 	C:\WINDOWS\System32\msvcrt.dll
0x00007fff4b9b0000 - 0x00007fff4badc000 	C:\WINDOWS\System32\gdi32full.dll
0x00007fff4bc30000 - 0x00007fff4bcd3000 	C:\WINDOWS\System32\msvcp_win.dll
0x00007fff4dda0000 - 0x00007fff4ddd1000 	C:\WINDOWS\System32\IMM32.DLL
0x00007ffe47210000 - 0x00007ffe4721c000 	C:\Users\KrilingJarid\Documents\sts-4.31.0.RELEASE\plugins\org.eclipse.justj.openjdk.hotspot.jre.full.win32.x86_64_21.0.7.v20250502-0916\jre\bin\vcruntime140_1.dll
0x00007ffe47180000 - 0x00007ffe4720d000 	C:\Users\KrilingJarid\Documents\sts-4.31.0.RELEASE\plugins\org.eclipse.justj.openjdk.hotspot.jre.full.win32.x86_64_21.0.7.v20250502-0916\jre\bin\msvcp140.dll
0x00007ffe60160000 - 0x00007ffe60ef0000 	C:\Users\KrilingJarid\Documents\sts-4.31.0.RELEASE\plugins\org.eclipse.justj.openjdk.hotspot.jre.full.win32.x86_64_21.0.7.v20250502-0916\jre\bin\server\jvm.dll
0x00007fff4d3f0000 - 0x00007fff4d4a4000 	C:\WINDOWS\System32\ADVAPI32.dll
0x00007fff4dbd0000 - 0x00007fff4dc76000 	C:\WINDOWS\System32\sechost.dll
0x00007fff4dc80000 - 0x00007fff4dd98000 	C:\WINDOWS\System32\RPCRT4.dll
0x00007fff4db50000 - 0x00007fff4dbc4000 	C:\WINDOWS\System32\WS2_32.dll
0x00007fff4b1d0000 - 0x00007fff4b22e000 	C:\WINDOWS\SYSTEM32\POWRPROF.dll
0x00007fff402b0000 - 0x00007fff402e5000 	C:\WINDOWS\SYSTEM32\WINMM.dll
0x00007fff37610000 - 0x00007fff3761b000 	C:\WINDOWS\SYSTEM32\VERSION.dll
0x00007fff4b1b0000 - 0x00007fff4b1c4000 	C:\WINDOWS\SYSTEM32\UMPDC.dll
0x00007fff4a130000 - 0x00007fff4a14b000 	C:\WINDOWS\SYSTEM32\kernel.appcore.dll
0x00007fff36040000 - 0x00007fff3604a000 	C:\Users\KrilingJarid\Documents\sts-4.31.0.RELEASE\plugins\org.eclipse.justj.openjdk.hotspot.jre.full.win32.x86_64_21.0.7.v20250502-0916\jre\bin\jimage.dll
0x00007fff48c40000 - 0x00007fff48e82000 	C:\WINDOWS\SYSTEM32\DBGHELP.DLL
0x00007fff4d7a0000 - 0x00007fff4db2b000 	C:\WINDOWS\System32\combase.dll
0x00007fff4d310000 - 0x00007fff4d3e7000 	C:\WINDOWS\System32\OLEAUT32.dll
0x00007fff2e490000 - 0x00007fff2e4cc000 	C:\WINDOWS\SYSTEM32\dbgcore.DLL
0x00007fff4bd70000 - 0x00007fff4be15000 	C:\WINDOWS\System32\bcryptPrimitives.dll
0x00007fff36d80000 - 0x00007fff36dbc000 	C:\Users\KrilingJarid\Documents\sts-4.31.0.RELEASE\plugins\org.eclipse.justj.openjdk.hotspot.jre.full.win32.x86_64_21.0.7.v20250502-0916\jre\bin\jdwp.dll
0x00007fff322e0000 - 0x00007fff322ef000 	C:\Users\KrilingJarid\Documents\sts-4.31.0.RELEASE\plugins\org.eclipse.justj.openjdk.hotspot.jre.full.win32.x86_64_21.0.7.v20250502-0916\jre\bin\instrument.dll
0x00007fff2bff0000 - 0x00007fff2c00f000 	C:\Users\KrilingJarid\Documents\sts-4.31.0.RELEASE\plugins\org.eclipse.justj.openjdk.hotspot.jre.full.win32.x86_64_21.0.7.v20250502-0916\jre\bin\java.dll
0x00007fff4c110000 - 0x00007fff4c861000 	C:\WINDOWS\System32\SHELL32.dll
0x00007fff4be20000 - 0x00007fff4bf8b000 	C:\WINDOWS\System32\wintypes.dll
0x00007fff48f90000 - 0x00007fff497ed000 	C:\WINDOWS\SYSTEM32\windows.storage.dll
0x00007fff4dde0000 - 0x00007fff4ded2000 	C:\WINDOWS\System32\SHCORE.dll
0x00007fff4dee0000 - 0x00007fff4df47000 	C:\WINDOWS\System32\shlwapi.dll
0x00007fff4b290000 - 0x00007fff4b2b9000 	C:\WINDOWS\SYSTEM32\profapi.dll
0x00007fff1b320000 - 0x00007fff1b338000 	C:\Users\KrilingJarid\Documents\sts-4.31.0.RELEASE\plugins\org.eclipse.justj.openjdk.hotspot.jre.full.win32.x86_64_21.0.7.v20250502-0916\jre\bin\zip.dll
0x00007fff3ffb0000 - 0x00007fff3ffbb000 	C:\Users\KrilingJarid\Documents\sts-4.31.0.RELEASE\plugins\org.eclipse.justj.openjdk.hotspot.jre.full.win32.x86_64_21.0.7.v20250502-0916\jre\bin\dt_socket.dll
0x00007fff49c70000 - 0x00007fff49ca4000 	C:\WINDOWS\SYSTEM32\IPHLPAPI.DLL
0x00007fff4a6a0000 - 0x00007fff4a70b000 	C:\WINDOWS\system32\mswsock.dll
0x00007fff49cb0000 - 0x00007fff49ddc000 	C:\WINDOWS\SYSTEM32\DNSAPI.dll
0x00007fff4c090000 - 0x00007fff4c09a000 	C:\WINDOWS\System32\NSI.dll
0x00007fff3ff10000 - 0x00007fff3ff1b000 	C:\Windows\System32\rasadhlp.dll
0x00007fff41c20000 - 0x00007fff41ca6000 	C:\WINDOWS\System32\fwpuclnt.dll
0x00007fff322d0000 - 0x00007fff322e0000 	C:\Users\KrilingJarid\Documents\sts-4.31.0.RELEASE\plugins\org.eclipse.justj.openjdk.hotspot.jre.full.win32.x86_64_21.0.7.v20250502-0916\jre\bin\net.dll
0x00007fff3eef0000 - 0x00007fff3f018000 	C:\WINDOWS\SYSTEM32\WINHTTP.dll
0x00007fff1b300000 - 0x00007fff1b316000 	C:\Users\KrilingJarid\Documents\sts-4.31.0.RELEASE\plugins\org.eclipse.justj.openjdk.hotspot.jre.full.win32.x86_64_21.0.7.v20250502-0916\jre\bin\nio.dll
0x00007fff39710000 - 0x00007fff3971a000 	C:\Users\KrilingJarid\Documents\sts-4.31.0.RELEASE\plugins\org.eclipse.justj.openjdk.hotspot.jre.full.win32.x86_64_21.0.7.v20250502-0916\jre\bin\management.dll
0x00007fff39700000 - 0x00007fff3970b000 	C:\Users\KrilingJarid\Documents\sts-4.31.0.RELEASE\plugins\org.eclipse.justj.openjdk.hotspot.jre.full.win32.x86_64_21.0.7.v20250502-0916\jre\bin\management_ext.dll
0x00007fff4cda0000 - 0x00007fff4cda8000 	C:\WINDOWS\System32\PSAPI.DLL
0x00007fff1bc60000 - 0x00007fff1bc78000 	C:\WINDOWS\system32\napinsp.dll
0x00007fff1bc40000 - 0x00007fff1bc52000 	C:\WINDOWS\System32\winrnr.dll
0x00007fff392b0000 - 0x00007fff392c6000 	C:\WINDOWS\system32\wshbth.dll
0x00007fff1bc10000 - 0x00007fff1bc32000 	C:\WINDOWS\system32\nlansp_c.dll
0x00007fff4a960000 - 0x00007fff4a97b000 	C:\WINDOWS\SYSTEM32\CRYPTSP.dll
0x00007fff4a090000 - 0x00007fff4a0ca000 	C:\WINDOWS\system32\rsaenh.dll
0x00007fff4a750000 - 0x00007fff4a77b000 	C:\WINDOWS\SYSTEM32\USERENV.dll
0x00007fff4b260000 - 0x00007fff4b28a000 	C:\WINDOWS\SYSTEM32\bcrypt.dll
0x00007fff4a980000 - 0x00007fff4a98c000 	C:\WINDOWS\SYSTEM32\CRYPTBASE.dll
0x00007ffe470a0000 - 0x00007ffe470a9000 	C:\Users\KrilingJarid\Documents\sts-4.31.0.RELEASE\plugins\org.eclipse.justj.openjdk.hotspot.jre.full.win32.x86_64_21.0.7.v20250502-0916\jre\bin\extnet.dll
0x00007fff2c530000 - 0x00007fff2c540000 	C:\Users\KrilingJarid\Documents\sts-4.31.0.RELEASE\plugins\org.eclipse.justj.openjdk.hotspot.jre.full.win32.x86_64_21.0.7.v20250502-0916\jre\bin\verify.dll
0x00007ffe47470000 - 0x00007ffe4747e000 	C:\Users\KrilingJarid\Documents\sts-4.31.0.RELEASE\plugins\org.eclipse.justj.openjdk.hotspot.jre.full.win32.x86_64_21.0.7.v20250502-0916\jre\bin\sunmscapi.dll
0x00007fff4b830000 - 0x00007fff4b9a7000 	C:\WINDOWS\System32\CRYPT32.dll
0x00007fff4ab80000 - 0x00007fff4abb0000 	C:\WINDOWS\SYSTEM32\ncrypt.dll
0x00007fff4ab30000 - 0x00007fff4ab6f000 	C:\WINDOWS\SYSTEM32\NTASN1.dll
0x00007fff36ec0000 - 0x00007fff36ec8000 	C:\WINDOWS\system32\wshunix.dll

dbghelp: loaded successfully - version: 4.0.5 - missing functions: none
symbol engine: initialized successfully - sym options: 0x614 - pdb path: .;C:\Users\KrilingJarid\Documents\sts-4.31.0.RELEASE\plugins\org.eclipse.justj.openjdk.hotspot.jre.full.win32.x86_64_21.0.7.v20250502-0916\jre\bin;C:\WINDOWS\SYSTEM32;C:\WINDOWS\WinSxS\amd64_microsoft.windows.common-controls_6595b64144ccf1df_6.0.26100.7019_none_3e06ffa0e335b8a8;C:\Users\KrilingJarid\Documents\sts-4.31.0.RELEASE\plugins\org.eclipse.justj.openjdk.hotspot.jre.full.win32.x86_64_21.0.7.v20250502-0916\jre\bin\server

VM Arguments:
jvm_args: -XX:+ShowCodeDetailsInExceptionMessages -agentlib:jdwp=transport=dt_socket,suspend=y,address=localhost:59150 -Dcom.sun.management.jmxremote -Dcom.sun.management.jmxremote.port=59149 -Dcom.sun.management.jmxremote.authenticate=false -Dcom.sun.management.jmxremote.ssl=false -Djava.rmi.server.hostname=localhost -Dspring.jmx.enabled=true -Dmanagement.endpoints.jmx.exposure.include=* -Dspring.application.admin.enabled=true -Dspring.output.ansi.enabled=always -XX:TieredStopAtLevel=1 -Dspring.boot.project.name=negocio -javaagent:C:\Users\KrilingJarid\Documents\sts-4.31.0.RELEASE\configuration\org.eclipse.osgi\273\0\.cp\lib\javaagent-shaded.jar -Dfile.encoding=UTF-8 -Dstdout.encoding=UTF-8 -Dstderr.encoding=UTF-8 
java_command: com.cocinas.integrales.negocio.NegocioApplication
java_class_path (initial): C:\Users\KrilingJarid\Desarrollos\WorkSpaceDesarrollosProfesionales\Backend - cocinas integrales monica\negocio\target\classes;C:\Users\KrilingJarid\.m2\repository\org\springframework\boot\spring-boot-starter-security\3.5.3\spring-boot-starter-security-3.5.3.jar;C:\Users\KrilingJarid\.m2\repository\org\springframework\boot\spring-boot-starter\3.5.3\spring-boot-starter-3.5.3.jar;C:\Users\KrilingJarid\.m2\repository\org\springframework\boot\spring-boot-starter-logging\3.5.3\spring-boot-starter-logging-3.5.3.jar;C:\Users\KrilingJarid\.m2\repository\ch\qos\logback\logback-classic\1.5.18\logback-classic-1.5.18.jar;C:\Users\KrilingJarid\.m2\repository\ch\qos\logback\logback-core\1.5.18\logback-core-1.5.18.jar;C:\Users\KrilingJarid\.m2\repository\org\apache\logging\log4j\log4j-to-slf4j\2.24.3\log4j-to-slf4j-2.24.3.jar;C:\Users\KrilingJarid\.m2\repository\org\apache\logging\log4j\log4j-api\2.24.3\log4j-api-2.24.3.jar;C:\Users\KrilingJarid\.m2\repository\org\slf4j\jul-to-slf4j\2.0.17\jul-to-slf4j-2.0.17.jar;C:\Users\KrilingJarid\.m2\repository\jakarta\annotation\jakarta.annotation-api\2.1.1\jakarta.annotation-api-2.1.1.jar;C:\Users\KrilingJarid\.m2\repository\org\yaml\snakeyaml\2.4\snakeyaml-2.4.jar;C:\Users\KrilingJarid\.m2\repository\org\springframework\spring-aop\6.2.8\spring-aop-6.2.8.jar;C:\Users\KrilingJarid\.m2\repository\org\springframework\spring-beans\6.2.8\spring-beans-6.2.8.jar;C:\Users\KrilingJarid\.m2\repository\org\springframework\security\spring-security-config\6.5.1\spring-security-config-6.5.1.jar;C:\Users\KrilingJarid\.m2\repository\org\springframework\spring-context\6.2.8\spring-context-6.2.8.jar;C:\Users\KrilingJarid\.m2\repository\org\springframework\security\spring-security-web\6.5.1\spring-security-web-6.5.1.jar;C:\Users\KrilingJarid\.m2\repository\org\springframework\spring-expression\6.2.8\spring-expression-6.2.8.jar;C:\Users\KrilingJarid\.m2\repository\org\springframework\boot\spring-boot-starter-thymeleaf\3.5.3\spring-boot-starter-thymeleaf-3.5.3.jar;C:\Users\KrilingJarid\.m2\repository\org\thymeleaf\thymeleaf-spring6\3.1.3.RELEASE\thymeleaf-spring6-3.1.3.RELEASE.jar;C:\Users\KrilingJarid\.m2\repository\org\thymeleaf\thymeleaf\3.1.3.RELEASE\thymeleaf-3.1.3.RELEASE.jar;C:\Users\KrilingJarid\.m2\repository\org\attoparser\attoparser\2.0.7.RELEASE\attoparser-2.0.7.RELEASE.jar;C:\Users\KrilingJarid\.m2\repository\org\unbescape\unbescape\1.1.6.RELEASE\unbescape-1.1.6.RELEASE.jar;C:\Users\KrilingJarid\.m2\repository\org\springframework\boot\spring-boot-starter-web\3.5.3\spring-boot-starter-web-3.5.3.jar;C:\Users\KrilingJarid\.m2\repository\org\springframework\boot\spring-boot-starter-json\3.5.3\spring-boot-starter-json-3.5.3.jar;C:\Users\KrilingJarid\.m2\repository\com\fasterxml\jackson\datatype\jackson-datatype-jdk8\2.19.1\jackson-datatype-jdk8-2.19.1.jar;C:\Users\KrilingJarid\.m2\repository\com\fasterxml\jackson\datatype\jackson-datatype-jsr310\2.19.1\jackson-datatype-jsr310-2.19.1.jar;C:\Users\KrilingJarid\.m2\repository\com\fasterxml\jackson\module\jackson-module-parameter-names\2.19.1\jackson-module-parameter-names-2.19.1.jar;C:\Users\KrilingJarid\.m2\repository\org\springframework\boot\spring-boot-starter-tomcat\3.5.3\spring-boot-starter-tomcat-3.5.3.jar;C:\Users\KrilingJarid\.m2\repository\org\apache\tomcat\embed\tomcat-embed-core\10.1.42\tomcat-embed-core-10.1.42.jar;C:\Users\KrilingJarid\.m2\repository\org\apache\tomcat\embed\tomcat-embed-el\10.1.42\tomcat-embed-el-10.1.42.jar;C:\Users\KrilingJarid\.m2\repository\org\apache\tomcat\embed\tomcat-embed-websocket\10.1.42\tomcat-embed-websocket-10.1.42.jar;C:\Users\KrilingJarid\.m2\repository\org\springframework\spring-web\6.2.8\spring-web-6.2.8.jar;C:\Users\KrilingJarid\.m2\repository\io\micrometer\micrometer-observation\1.15.1\micrometer-observation-1.15.1.jar;C:\Users\KrilingJarid\.m2\repository\io\micrometer\micrometer-commons\1.15.1\micrometer-commons-1.15.1.jar;C:\Users\KrilingJarid\.m2\repository\org\springframework\spring-webmvc\6.2.8\spring-webmvc-6.2.8.jar;C:\Users\KrilingJarid\.m2\repository\org\thymeleaf\extras\thymeleaf-extras-springsecurity6\3.1.3.RELEASE\thymeleaf-extras-springsecurity6-3.1.3.RELEASE.jar;C:\Users\KrilingJarid\.m2\repository\org\slf4j\slf4j-api\2.0.17\slf4j-api-2.0.17.jar;C:\Users\KrilingJarid\.m2\repository\org\springframework\boot\spring-boot-devtools\3.5.3\spring-boot-devtools-3.5.3.jar;C:\Users\KrilingJarid\.m2\repository\org\springframework\boot\spring-boot\3.5.3\spring-boot-3.5.3.jar;C:\Users\KrilingJarid\.m2\repository\org\springframework\boot\spring-boot-autoconfigure\3.5.3\spring-boot-autoconfigure-3.5.3.jar;C:\Users\KrilingJarid\.m2\repository\com\mysql\mysql-connector-j\9.2.0\mysql-connector-j-9.2.0.jar;C:\Users\KrilingJarid\.m2\repository\org\projectlombok\lombok\1.18.38\lombok-1.18.38.jar;C:\Users\KrilingJarid\.m2\repository\jakarta\activation\jakarta.activation-api\2.1.3\jakarta.activation-api-2.1.3.jar;C:\Users\KrilingJarid\.m2\repository\org\springframework\spring-core\6.2.8\spring-core-6.2.8.jar;C:\Users\KrilingJarid\.m2\repository\org\springframework\spring-jcl\6.2.8\spring-jcl-6.2.8.jar;C:\Users\KrilingJarid\.m2\repository\org\springframework\security\spring-security-core\6.5.1\spring-security-core-6.5.1.jar;C:\Users\KrilingJarid\.m2\repository\org\springframework\security\spring-security-crypto\6.5.1\spring-security-crypto-6.5.1.jar;C:\Users\KrilingJarid\.m2\repository\io\jsonwebtoken\jjwt-api\0.11.5\jjwt-api-0.11.5.jar;C:\Users\KrilingJarid\.m2\repository\io\jsonwebtoken\jjwt-impl\0.11.5\jjwt-impl-0.11.5.jar;C:\Users\KrilingJarid\.m2\repository\io\jsonwebtoken\jjwt-jackson\0.11.5\jjwt-jackson-0.11.5.jar;C:\Users\KrilingJarid\.m2\repository\com\fasterxml\jackson\core\jackson-databind\2.19.1\jackson-databind-2.19.1.jar;C:\Users\KrilingJarid\.m2\repository\com\fasterxml\jackson\core\jackson-annotations\2.19.1\jackson-annotations-2.19.1.jar;C:\Users\KrilingJarid\.m2\repository\com\fasterxml\jackson\core\jackson-core\2.19.1\jackson-core-2.19.1.jar;C:\Users\KrilingJarid\.m2\repository\com\cloudinary\cloudinary-http44\1.33.0\cloudinary-http44-1.33.0.jar;C:\Users\KrilingJarid\.m2\repository\com\cloudinary\cloudinary-core\1.33.0\cloudinary-core-1.33.0.jar;C:\Users\KrilingJarid\.m2\repository\org\apache\commons\commons-lang3\3.17.0\commons-lang3-3.17.0.jar;C:\Users\KrilingJarid\.m2\repository\org\apache\httpcomponents\httpclient\4.4\httpclient-4.4.jar;C:\Users\KrilingJarid\.m2\repository\org\apache\httpcomponents\httpcore\4.4.16\httpcore-4.4.16.jar;C:\Users\KrilingJarid\.m2\repository\commons-logging\commons-logging\1.2\commons-logging-1.2.jar;C:\Users\KrilingJarid\.m2\repository\commons-codec\commons-codec\1.18.0\commons-codec-1.18.0.jar;C:\Users\KrilingJarid\.m2\repository\org\apache\httpcomponents\httpmime\4.4\httpmime-4.4.jar;C:\Users\KrilingJarid\.m2\repository\org\springframework\boot\spring-boot-starter-jdbc\3.5.3\spring-boot-starter-jdbc-3.5.3.jar;C:\Users\KrilingJarid\.m2\repository\com\zaxxer\HikariCP\6.3.0\HikariCP-6.3.0.jar;C:\Users\KrilingJarid\.m2\repository\org\springframework\spring-jdbc\6.2.8\spring-jdbc-6.2.8.jar;C:\Users\KrilingJarid\.m2\repository\org\springframework\spring-tx\6.2.8\spring-tx-6.2.8.jar;C:\Users\KrilingJarid\.m2\repository\com\google\code\gson\gson\2.10.1\gson-2.10.1.jar;C:\Users\KrilingJarid\.m2\repository\org\springframework\boot\spring-boot-starter-mail\3.5.3\spring-boot-starter-mail-3.5.3.jar;C:\Users\KrilingJarid\.m2\repository\org\springframework\spring-context-support\6.2.8\spring-context-support-6.2.8.jar;C:\Users\KrilingJarid\.m2\repository\org\eclipse\angus\jakarta.mail\2.0.3\jakarta.mail-2.0.3.jar;C:\Users\KrilingJarid\.m2\repository\org\eclipse\angus\angus-activation\2.0.2\angus-activation-2.0.2.jar
Launcher Type: SUN_STANDARD

[Global flags]
     intx CICompilerCount                          = 12                                        {product} {ergonomic}
     uint ConcGCThreads                            = 3                                         {product} {ergonomic}
     uint G1ConcRefinementThreads                  = 13                                        {product} {ergonomic}
   size_t G1HeapRegionSize                         = 2097152                                   {product} {ergonomic}
    uintx GCDrainStackTargetSize                   = 64                                        {product} {ergonomic}
   size_t InitialHeapSize                          = 264241152                                 {product} {ergonomic}
     bool ManagementServer                         = true                                      {product} {command line}
   size_t MarkStackSize                            = 4194304                                   {product} {ergonomic}
   size_t MaxHeapSize                              = 4223664128                                {product} {ergonomic}
   size_t MaxNewSize                               = 2533359616                                {product} {ergonomic}
   size_t MinHeapDeltaBytes                        = 2097152                                   {product} {ergonomic}
   size_t MinHeapSize                              = 8388608                                   {product} {ergonomic}
    uintx NonNMethodCodeHeapSize                   = 4096                                   {pd product} {ergonomic}
    uintx NonProfiledCodeHeapSize                  = 0                                      {pd product} {ergonomic}
     bool ProfileInterpreter                       = false                                  {pd product} {command line}
    uintx ProfiledCodeHeapSize                     = 0                                      {pd product} {ergonomic}
     bool ShowCodeDetailsInExceptionMessages       = true                                   {manageable} {command line}
   size_t SoftMaxHeapSize                          = 4223664128                             {manageable} {ergonomic}
     intx TieredStopAtLevel                        = 1                                         {product} {command line}
     bool UseCompressedOops                        = true                           {product lp64_product} {ergonomic}
     bool UseG1GC                                  = true                                      {product} {ergonomic}
     bool UseLargePagesIndividualAllocation        = false                                  {pd product} {ergonomic}

Logging:
Log output configuration:
 #0: stdout all=warning uptime,level,tags foldmultilines=false
 #1: stderr all=off uptime,level,tags foldmultilines=false

Environment Variables:
PATH=C:\Users\KrilingJarid\Documents\sts-4.31.0.RELEASE\plugins\org.eclipse.justj.openjdk.hotspot.jre.full.win32.x86_64_21.0.7.v20250502-0916\jre\bin;C:/Users/KrilingJarid/Documents/sts-4.31.0.RELEASE//plugins/org.eclipse.justj.openjdk.hotspot.jre.full.win32.x86_64_21.0.7.v20250502-0916/jre/bin/server;C:/Users/KrilingJarid/Documents/sts-4.31.0.RELEASE//plugins/org.eclipse.justj.openjdk.hotspot.jre.full.win32.x86_64_21.0.7.v20250502-0916/jre/bin;C:\Program Files\Common Files\Oracle\Java\javapath;C:\Windows\System32\HWAudioDriver;C:\Windows\system32;C:\Windows;C:\Windows\System32\Wbem;C:\Windows\System32\WindowsPowerShell\v1.0\;C:\Windows\System32\OpenSSH\;C:\Users\Administrator\AppData\Local\Microsoft\WindowsApps;C:\WINDOWS\system32;C:\WINDOWS;C:\WINDOWS\System32\Wbem;C:\WINDOWS\System32\WindowsPowerShell\v1.0\;C:\WINDOWS\System32\OpenSSH\;C:\WINDOWS\system32\config\systemprofile\AppData\Local\Microsoft\WindowsApps;C:\windows\system32\HWAudioDriver\;C:\Program Files\Git\cmd;C:\Program Files\apache-maven-3.9.10-bin\apache-maven-3.9.10\bin;C:\Program Files\nodejs\;C:\Program Files\MySQL\MySQL Shell 8.0\bin\;C:\Users\KrilingJarid\AppData\Local\Microsoft\WindowsApps;C:\Users\KrilingJarid\AppData\Local\Programs\Microsoft VS Code\bin;C:\Users\KrilingJarid\AppData\Roaming\npm;C:\Users\KrilingJarid\Documents\sts-4.31.0.RELEASE;
USERNAME=KrilingJarid
OS=Windows_NT
PROCESSOR_IDENTIFIER=Intel64 Family 6 Model 186 Stepping 2, GenuineIntel
TMP=C:\Users\KRILIN~1\AppData\Local\Temp
TEMP=C:\Users\KRILIN~1\AppData\Local\Temp




Periodic native trim disabled

---------------  S Y S T E M  ---------------

OS:
 Windows 11 , 64 bit Build 26100 (10.0.26100.7019)
OS uptime: 13 days 14:13 hours
Hyper-V role detected

CPU: total 16 (initial active 16) (8 cores per cpu, 2 threads per core) family 6 model 186 stepping 2 microcode 0x410e, cx8, cmov, fxsr, ht, mmx, 3dnowpref, sse, sse2, sse3, ssse3, sse4.1, sse4.2, popcnt, lzcnt, tsc, tscinvbit, avx, avx2, aes, erms, clmul, bmi1, bmi2, adx, sha, fma, vzeroupper, clflush, clflushopt, clwb, hv, serialize, rdtscp, rdpid, fsrm, f16c, cet_ibt, cet_ss
Processor Information for processor 0
  Max Mhz: 2200, Current Mhz: 2200, Mhz Limit: 2200
Processor Information for processor 1
  Max Mhz: 2200, Current Mhz: 2200, Mhz Limit: 2200
Processor Information for processor 2
  Max Mhz: 2200, Current Mhz: 2200, Mhz Limit: 2200
Processor Information for processor 3
  Max Mhz: 2200, Current Mhz: 2200, Mhz Limit: 2200
Processor Information for processor 4
  Max Mhz: 2200, Current Mhz: 2200, Mhz Limit: 2200
Processor Information for processor 5
  Max Mhz: 2200, Current Mhz: 1466, Mhz Limit: 2200
Processor Information for processor 6
  Max Mhz: 2200, Current Mhz: 2200, Mhz Limit: 2200
Processor Information for processor 7
  Max Mhz: 2200, Current Mhz: 2200, Mhz Limit: 2200
Processor Information for processor 8
  Max Mhz: 2200, Current Mhz: 1500, Mhz Limit: 1584
Processor Information for processor 9
  Max Mhz: 2200, Current Mhz: 1500, Mhz Limit: 1584
Processor Information for processor 10
  Max Mhz: 2200, Current Mhz: 1600, Mhz Limit: 1584
Processor Information for processor 11
  Max Mhz: 2200, Current Mhz: 1500, Mhz Limit: 1584
Processor Information for processor 12
  Max Mhz: 2200, Current Mhz: 1600, Mhz Limit: 1584
Processor Information for processor 13
  Max Mhz: 2200, Current Mhz: 1600, Mhz Limit: 1584
Processor Information for processor 14
  Max Mhz: 2200, Current Mhz: 1500, Mhz Limit: 1584
Processor Information for processor 15
  Max Mhz: 2200, Current Mhz: 1500, Mhz Limit: 1584

Memory: 4k page, system-wide physical 16108M (3374M free)
TotalPageFile size 37612M (AvailPageFile size 11630M)
current process WorkingSet (physical memory assigned to process): 219M, peak: 278M
current process commit charge ("private bytes"): 297M, peak: 358M

vm_info: OpenJDK 64-Bit Server VM (21.0.7+6-LTS) for windows-amd64 JRE (21.0.7+6-LTS), built on 2025-04-15T00:00:00Z by "admin" with MS VC++ 17.7 (VS2022)

END.
